   1              		.syntax unified
   2              		.cpu cortex-m4
   3              		.eabi_attribute 27, 3
   4              		.fpu fpv4-sp-d16
   5              		.eabi_attribute 20, 1
   6              		.eabi_attribute 21, 1
   7              		.eabi_attribute 23, 3
   8              		.eabi_attribute 24, 1
   9              		.eabi_attribute 25, 1
  10              		.eabi_attribute 26, 1
  11              		.eabi_attribute 30, 6
  12              		.eabi_attribute 34, 1
  13              		.eabi_attribute 18, 4
  14              		.thumb
  15              		.file	"MULTIPLEXER.c"
  16              		.text
  17              	.Ltext0:
  18              		.cfi_sections	.debug_frame
  19              		.section	.text.DAVE_MUX_Init,"ax",%progbits
  20              		.align	2
  21              		.global	DAVE_MUX_Init
  22              		.thumb
  23              		.thumb_func
  25              	DAVE_MUX_Init:
  26              	.LFB117:
  27              		.file 1 "../Dave/Generated/src/DAVESupport/MULTIPLEXER.c"
   1:../Dave/Generated/src/DAVESupport/MULTIPLEXER.c **** /*******************************************************************************
   2:../Dave/Generated/src/DAVESupport/MULTIPLEXER.c **** **  DAVE App Name : DAVESupport       App Version: 1.0.44               
   3:../Dave/Generated/src/DAVESupport/MULTIPLEXER.c **** **  This file is generated by DAVE, User modification to this file will be    **
   4:../Dave/Generated/src/DAVESupport/MULTIPLEXER.c **** **  overwritten at the next code generation.                                  **
   5:../Dave/Generated/src/DAVESupport/MULTIPLEXER.c **** *******************************************************************************/
   6:../Dave/Generated/src/DAVESupport/MULTIPLEXER.c **** 
   7:../Dave/Generated/src/DAVESupport/MULTIPLEXER.c **** 
   8:../Dave/Generated/src/DAVESupport/MULTIPLEXER.c **** /*******************************************************************************
   9:../Dave/Generated/src/DAVESupport/MULTIPLEXER.c ****  Copyright (c) 2014, Infineon Technologies AG                                 **
  10:../Dave/Generated/src/DAVESupport/MULTIPLEXER.c ****  All rights reserved.                                                         **
  11:../Dave/Generated/src/DAVESupport/MULTIPLEXER.c ****                                                                               **
  12:../Dave/Generated/src/DAVESupport/MULTIPLEXER.c ****  Redistribution and use in source and binary forms, with or without           **
  13:../Dave/Generated/src/DAVESupport/MULTIPLEXER.c ****  modification,are permitted provided that the following conditions are met:   **
  14:../Dave/Generated/src/DAVESupport/MULTIPLEXER.c ****                                                                               **
  15:../Dave/Generated/src/DAVESupport/MULTIPLEXER.c ****  *Redistributions of source code must retain the above copyright notice,      **
  16:../Dave/Generated/src/DAVESupport/MULTIPLEXER.c ****  this list of conditions and the following disclaimer.                        **
  17:../Dave/Generated/src/DAVESupport/MULTIPLEXER.c ****  *Redistributions in binary form must reproduce the above copyright notice,   **
  18:../Dave/Generated/src/DAVESupport/MULTIPLEXER.c ****  this list of conditions and the following disclaimer in the documentation    **
  19:../Dave/Generated/src/DAVESupport/MULTIPLEXER.c ****  and/or other materials provided with the distribution.                       **
  20:../Dave/Generated/src/DAVESupport/MULTIPLEXER.c ****  *Neither the name of the copyright holders nor the names of its contributors **
  21:../Dave/Generated/src/DAVESupport/MULTIPLEXER.c ****  may be used to endorse or promote products derived from this software without**
  22:../Dave/Generated/src/DAVESupport/MULTIPLEXER.c ****  specific prior written permission.                                           **
  23:../Dave/Generated/src/DAVESupport/MULTIPLEXER.c ****                                                                               **
  24:../Dave/Generated/src/DAVESupport/MULTIPLEXER.c ****  THIS SOFTWARE IS PROVIDED BY THE COPYRIGHT HOLDERS AND CONTRIBUTORS "AS IS"  **
  25:../Dave/Generated/src/DAVESupport/MULTIPLEXER.c ****  AND ANY EXPRESS OR IMPLIED WARRANTIES, INCLUDING, BUT NOT LIMITED TO, THE    **
  26:../Dave/Generated/src/DAVESupport/MULTIPLEXER.c ****  IMPLIED WARRANTIES OF MERCHANTABILITY AND FITNESS FOR A PARTICULAR PURPOSE   **
  27:../Dave/Generated/src/DAVESupport/MULTIPLEXER.c ****  ARE  DISCLAIMED. IN NO EVENT SHALL THE COPYRIGHT HOLDER OR CONTRIBUTORS BE   **
  28:../Dave/Generated/src/DAVESupport/MULTIPLEXER.c ****  LIABLE  FOR ANY DIRECT, INDIRECT, INCIDENTAL, SPECIAL, EXEMPLARY, OR         **
  29:../Dave/Generated/src/DAVESupport/MULTIPLEXER.c ****  CONSEQUENTIAL DAMAGES (INCLUDING, BUT NOT LIMITED TO, PROCUREMENT OF         **
  30:../Dave/Generated/src/DAVESupport/MULTIPLEXER.c ****  SUBSTITUTE GOODS OR  SERVICES; LOSS OF USE, DATA, OR PROFITS; OR BUSINESS    **
  31:../Dave/Generated/src/DAVESupport/MULTIPLEXER.c ****  INTERRUPTION) HOWEVER CAUSED AND ON ANY THEORY OF LIABILITY, WHETHER IN      **
  32:../Dave/Generated/src/DAVESupport/MULTIPLEXER.c ****  CONTRACT, STRICT LIABILITY,OR TORT (INCLUDING NEGLIGENCE OR OTHERWISE)       **
  33:../Dave/Generated/src/DAVESupport/MULTIPLEXER.c ****  ARISING IN ANY WAY OUT OF THE USE OF THIS SOFTWARE, EVEN IF ADVISED OF THE   **
  34:../Dave/Generated/src/DAVESupport/MULTIPLEXER.c ****  POSSIBILITY OF SUCH DAMAGE.                                                  **
  35:../Dave/Generated/src/DAVESupport/MULTIPLEXER.c ****                                                                               **
  36:../Dave/Generated/src/DAVESupport/MULTIPLEXER.c ****  To improve the quality of the software, users are encouraged to share        **
  37:../Dave/Generated/src/DAVESupport/MULTIPLEXER.c ****  modifications, enhancements or bug fixes with Infineon Technologies AG       **
  38:../Dave/Generated/src/DAVESupport/MULTIPLEXER.c ****  dave@infineon.com).                                                          **
  39:../Dave/Generated/src/DAVESupport/MULTIPLEXER.c ****                                                                               **
  40:../Dave/Generated/src/DAVESupport/MULTIPLEXER.c **** ********************************************************************************
  41:../Dave/Generated/src/DAVESupport/MULTIPLEXER.c **** **                                                                            **
  42:../Dave/Generated/src/DAVESupport/MULTIPLEXER.c **** **                                                                            **
  43:../Dave/Generated/src/DAVESupport/MULTIPLEXER.c **** ** PLATFORM : Infineon <Microcontroller name, step>                           **
  44:../Dave/Generated/src/DAVESupport/MULTIPLEXER.c **** **                                                                            **
  45:../Dave/Generated/src/DAVESupport/MULTIPLEXER.c **** ** COMPILER : Compiler Independent                                            **
  46:../Dave/Generated/src/DAVESupport/MULTIPLEXER.c **** **                                                                            **
  47:../Dave/Generated/src/DAVESupport/MULTIPLEXER.c **** ** MODIFICATION DATE : April 23, 2014                                     **
  48:../Dave/Generated/src/DAVESupport/MULTIPLEXER.c **** **                                                                            **
  49:../Dave/Generated/src/DAVESupport/MULTIPLEXER.c **** *******************************************************************************/
  50:../Dave/Generated/src/DAVESupport/MULTIPLEXER.c **** /**
  51:../Dave/Generated/src/DAVESupport/MULTIPLEXER.c ****  * @file  MULTIPLEXER.c
  52:../Dave/Generated/src/DAVESupport/MULTIPLEXER.c ****  *
  53:../Dave/Generated/src/DAVESupport/MULTIPLEXER.c ****  * @brief This file contains implementation of DAVE Support function which 
  54:../Dave/Generated/src/DAVESupport/MULTIPLEXER.c ****  * uses to configure multiplexer register values.
  55:../Dave/Generated/src/DAVESupport/MULTIPLEXER.c ****  * 24 July 2013 v1.0.34 Initial Version
  56:../Dave/Generated/src/DAVESupport/MULTIPLEXER.c ****  * 06 sep 2013 v1.0.36  UART001 : Mux : One instruction for output pins 
  57:../Dave/Generated/src/DAVESupport/MULTIPLEXER.c ****  *                      initialisation.
  58:../Dave/Generated/src/DAVESupport/MULTIPLEXER.c ****  *                      CAN001 & CAN002 : Avoid twice reset of the INIT bit in 
  59:../Dave/Generated/src/DAVESupport/MULTIPLEXER.c ****  *                      Can001_lNodeInit & DAVE_MUX_Init.
  60:../Dave/Generated/src/DAVESupport/MULTIPLEXER.c ****  *                      WR_REGHIB Macro definition has been changed.
  61:../Dave/Generated/src/DAVESupport/MULTIPLEXER.c ****  * 23 April 2014 v1.0.44 HRPWM MUX configuration supported.                      
  62:../Dave/Generated/src/DAVESupport/MULTIPLEXER.c ****  *                      
  63:../Dave/Generated/src/DAVESupport/MULTIPLEXER.c ****  */
  64:../Dave/Generated/src/DAVESupport/MULTIPLEXER.c **** 
  65:../Dave/Generated/src/DAVESupport/MULTIPLEXER.c **** /*******************************************************************************
  66:../Dave/Generated/src/DAVESupport/MULTIPLEXER.c **** **                      Include Files                                         **
  67:../Dave/Generated/src/DAVESupport/MULTIPLEXER.c **** *******************************************************************************/
  68:../Dave/Generated/src/DAVESupport/MULTIPLEXER.c **** #include "../../inc/DAVESupport/DAVE3.h"
  69:../Dave/Generated/src/DAVESupport/MULTIPLEXER.c **** 
  70:../Dave/Generated/src/DAVESupport/MULTIPLEXER.c **** /*******************************************************************************
  71:../Dave/Generated/src/DAVESupport/MULTIPLEXER.c **** **                 Function declarations                                     **
  72:../Dave/Generated/src/DAVESupport/MULTIPLEXER.c **** *******************************************************************************/
  73:../Dave/Generated/src/DAVESupport/MULTIPLEXER.c **** /*******************************************************************************
  74:../Dave/Generated/src/DAVESupport/MULTIPLEXER.c **** ** Syntax           : void DAVE_MUX_Init(void)                                **
  75:../Dave/Generated/src/DAVESupport/MULTIPLEXER.c **** **                                                                            **
  76:../Dave/Generated/src/DAVESupport/MULTIPLEXER.c **** ** Reentrancy       : None                                                    **
  77:../Dave/Generated/src/DAVESupport/MULTIPLEXER.c **** **                                                                            **
  78:../Dave/Generated/src/DAVESupport/MULTIPLEXER.c **** ** Parameters (in)  : void                                                    **
  79:../Dave/Generated/src/DAVESupport/MULTIPLEXER.c **** **                                                                            **
  80:../Dave/Generated/src/DAVESupport/MULTIPLEXER.c **** ** Parameters (out) : none                                                    **
  81:../Dave/Generated/src/DAVESupport/MULTIPLEXER.c **** **                                                                            **
  82:../Dave/Generated/src/DAVESupport/MULTIPLEXER.c **** ** Return value     : none                                                    **
  83:../Dave/Generated/src/DAVESupport/MULTIPLEXER.c **** **                                                                            **
  84:../Dave/Generated/src/DAVESupport/MULTIPLEXER.c **** ** Description      : This is the Mux configuration                           **
  85:../Dave/Generated/src/DAVESupport/MULTIPLEXER.c **** **                                                                            **
  86:../Dave/Generated/src/DAVESupport/MULTIPLEXER.c **** *******************************************************************************/
  87:../Dave/Generated/src/DAVESupport/MULTIPLEXER.c ****            
  88:../Dave/Generated/src/DAVESupport/MULTIPLEXER.c **** void DAVE_MUX_Init(void)
  89:../Dave/Generated/src/DAVESupport/MULTIPLEXER.c **** {  
  28              		.loc 1 89 0
  29              		.cfi_startproc
  30              		@ args = 0, pretend = 0, frame = 24
  31              		@ frame_needed = 1, uses_anonymous_args = 0
  32              		@ link register save eliminated.
  33 0000 80B4     		push	{r7}
  34              	.LCFI0:
  35              		.cfi_def_cfa_offset 4
  36              		.cfi_offset 7, -4
  37 0002 87B0     		sub	sp, sp, #28
  38              	.LCFI1:
  39              		.cfi_def_cfa_offset 32
  40 0004 00AF     		add	r7, sp, #0
  41              	.LCFI2:
  42              		.cfi_def_cfa_register 7
  90:../Dave/Generated/src/DAVESupport/MULTIPLEXER.c ****    	 
  91:../Dave/Generated/src/DAVESupport/MULTIPLEXER.c ****             	         
  92:../Dave/Generated/src/DAVESupport/MULTIPLEXER.c ****                                      
  93:../Dave/Generated/src/DAVESupport/MULTIPLEXER.c ****        /*        SCU Macro definitions     */                        
  94:../Dave/Generated/src/DAVESupport/MULTIPLEXER.c **** /*
  95:../Dave/Generated/src/DAVESupport/MULTIPLEXER.c ****  * CAN peripheral configuration:
  96:../Dave/Generated/src/DAVESupport/MULTIPLEXER.c ****  */                           
  97:../Dave/Generated/src/DAVESupport/MULTIPLEXER.c ****     //Node1 configuration:    
  98:../Dave/Generated/src/DAVESupport/MULTIPLEXER.c ****     WR_REG(CAN_NODE1->NPCR, CAN_NODE_NPCR_RXSEL_Msk, CAN_NODE_NPCR_RXSEL_Pos, RXD_SIGNAL2);
  43              		.loc 1 98 0
  44 0006 4FF48643 		mov	r3, #17152
  45 000a C4F60103 		movt	r3, 18433
  46 000e 4FF48642 		mov	r2, #17152
  47 0012 C4F60102 		movt	r2, 18433
  48 0016 D268     		ldr	r2, [r2, #12]
  49 0018 22F00702 		bic	r2, r2, #7
  50 001c 42F00202 		orr	r2, r2, #2
  51 0020 DA60     		str	r2, [r3, #12]
  99:../Dave/Generated/src/DAVESupport/MULTIPLEXER.c ****                                                                                                  
 100:../Dave/Generated/src/DAVESupport/MULTIPLEXER.c ****     //Message object 35 configuration:
 101:../Dave/Generated/src/DAVESupport/MULTIPLEXER.c ****     
 102:../Dave/Generated/src/DAVESupport/MULTIPLEXER.c ****     WR_REG(CAN_MO35->MOIPR, CAN_MO_MOIPR_RXINP_Msk, CAN_MO_MOIPR_RXINP_Pos, SRN1);
  52              		.loc 1 102 0
  53 0022 45F26043 		movw	r3, #21600
  54 0026 C4F60103 		movt	r3, 18433
  55 002a 45F26042 		movw	r2, #21600
  56 002e C4F60102 		movt	r2, 18433
  57 0032 9268     		ldr	r2, [r2, #8]
  58 0034 22F00702 		bic	r2, r2, #7
  59 0038 42F00102 		orr	r2, r2, #1
  60 003c 9A60     		str	r2, [r3, #8]
 103:../Dave/Generated/src/DAVESupport/MULTIPLEXER.c ****                                                             
 104:../Dave/Generated/src/DAVESupport/MULTIPLEXER.c ****     /* Macros which makes the CAN peripheral to exit from the INITIALISATION mode to NORMAL mode */
 105:../Dave/Generated/src/DAVESupport/MULTIPLEXER.c **** #ifdef CAN_NODE0_ENABLE
 106:../Dave/Generated/src/DAVESupport/MULTIPLEXER.c ****     CAN_Handle0_NODE();
 107:../Dave/Generated/src/DAVESupport/MULTIPLEXER.c **** #endif
 108:../Dave/Generated/src/DAVESupport/MULTIPLEXER.c **** #ifdef CAN_NODE1_ENABLE    
 109:../Dave/Generated/src/DAVESupport/MULTIPLEXER.c ****     CAN_Handle1_NODE();
  61              		.loc 1 109 0
  62 003e 4FF48643 		mov	r3, #17152
  63 0042 C4F60103 		movt	r3, 18433
  64 0046 4FF48642 		mov	r2, #17152
  65 004a C4F60102 		movt	r2, 18433
  66 004e 1268     		ldr	r2, [r2, #0]
  67 0050 22F04002 		bic	r2, r2, #64
  68 0054 1A60     		str	r2, [r3, #0]
  69 0056 4FF48643 		mov	r3, #17152
  70 005a C4F60103 		movt	r3, 18433
  71 005e 4FF48642 		mov	r2, #17152
  72 0062 C4F60102 		movt	r2, 18433
  73 0066 1268     		ldr	r2, [r2, #0]
  74 0068 22F00102 		bic	r2, r2, #1
  75 006c 1A60     		str	r2, [r3, #0]
 110:../Dave/Generated/src/DAVESupport/MULTIPLEXER.c **** #endif    
 111:../Dave/Generated/src/DAVESupport/MULTIPLEXER.c **** #ifdef CAN_NODE2_ENABLE    
 112:../Dave/Generated/src/DAVESupport/MULTIPLEXER.c ****     CAN_Handle2_NODE(); 
 113:../Dave/Generated/src/DAVESupport/MULTIPLEXER.c **** #endif 
 114:../Dave/Generated/src/DAVESupport/MULTIPLEXER.c ****    	 
 115:../Dave/Generated/src/DAVESupport/MULTIPLEXER.c ****             	         
 116:../Dave/Generated/src/DAVESupport/MULTIPLEXER.c ****                                               
 117:../Dave/Generated/src/DAVESupport/MULTIPLEXER.c ****    	 
 118:../Dave/Generated/src/DAVESupport/MULTIPLEXER.c ****       
 119:../Dave/Generated/src/DAVESupport/MULTIPLEXER.c **** //********* MODULE USIC CONFIGURATIONS *************************	        
 120:../Dave/Generated/src/DAVESupport/MULTIPLEXER.c ****         
 121:../Dave/Generated/src/DAVESupport/MULTIPLEXER.c ****            
 122:../Dave/Generated/src/DAVESupport/MULTIPLEXER.c ****    /* Disable mode before configuring all USIC registers to avoid unintended edges */   
 123:../Dave/Generated/src/DAVESupport/MULTIPLEXER.c ****       /* Variable to store the CCR_MODE values for various USIC channels */ 
 124:../Dave/Generated/src/DAVESupport/MULTIPLEXER.c ****       uint32_t UsicCcrMode[6] = {0};
  76              		.loc 1 124 0
  77 006e 3B46     		mov	r3, r7
  78 0070 4FF00002 		mov	r2, #0
  79 0074 1A60     		str	r2, [r3, #0]
  80 0076 03F10403 		add	r3, r3, #4
  81 007a 4FF00002 		mov	r2, #0
  82 007e 1A60     		str	r2, [r3, #0]
  83 0080 03F10403 		add	r3, r3, #4
  84 0084 4FF00002 		mov	r2, #0
  85 0088 1A60     		str	r2, [r3, #0]
  86 008a 03F10403 		add	r3, r3, #4
  87 008e 4FF00002 		mov	r2, #0
  88 0092 1A60     		str	r2, [r3, #0]
  89 0094 03F10403 		add	r3, r3, #4
  90 0098 4FF00002 		mov	r2, #0
  91 009c 1A60     		str	r2, [r3, #0]
  92 009e 03F10403 		add	r3, r3, #4
  93 00a2 4FF00002 		mov	r2, #0
  94 00a6 1A60     		str	r2, [r3, #0]
  95 00a8 03F10403 		add	r3, r3, #4
 125:../Dave/Generated/src/DAVESupport/MULTIPLEXER.c ****            
 126:../Dave/Generated/src/DAVESupport/MULTIPLEXER.c ****     UsicCcrMode[0] |= (uint32_t) RD_REG(USIC0_CH0->CCR, USIC_CH_CCR_MODE_Msk, USIC_CH_CCR_MODE_Pos)
  96              		.loc 1 126 0
  97 00ac 3A68     		ldr	r2, [r7, #0]
  98 00ae 4FF00003 		mov	r3, #0
  99 00b2 C4F20303 		movt	r3, 16387
 100 00b6 1B6C     		ldr	r3, [r3, #64]
 101 00b8 03F00F03 		and	r3, r3, #15
 102 00bc 1343     		orrs	r3, r3, r2
 103 00be 3B60     		str	r3, [r7, #0]
 127:../Dave/Generated/src/DAVESupport/MULTIPLEXER.c ****     WR_REG(USIC0_CH0->CCR, USIC_CH_CCR_MODE_Msk, USIC_CH_CCR_MODE_Pos,0);  
 104              		.loc 1 127 0
 105 00c0 4FF00003 		mov	r3, #0
 106 00c4 C4F20303 		movt	r3, 16387
 107 00c8 4FF00002 		mov	r2, #0
 108 00cc C4F20302 		movt	r2, 16387
 109 00d0 126C     		ldr	r2, [r2, #64]
 110 00d2 22F00F02 		bic	r2, r2, #15
 111 00d6 1A64     		str	r2, [r3, #64]
 128:../Dave/Generated/src/DAVESupport/MULTIPLEXER.c ****                         
 129:../Dave/Generated/src/DAVESupport/MULTIPLEXER.c ****       
 130:../Dave/Generated/src/DAVESupport/MULTIPLEXER.c ****     						
 131:../Dave/Generated/src/DAVESupport/MULTIPLEXER.c ****    /*USIC 0 Channel 0 Mux Related SFR/Bitfields Configurations*/ 						         
 132:../Dave/Generated/src/DAVESupport/MULTIPLEXER.c ****  WR_REG(USIC0_CH0->DX0CR, USIC_CH_DX0CR_DSEL_Msk, USIC_CH_DX0CR_DSEL_Pos,3); 
 112              		.loc 1 132 0
 113 00d8 4FF00003 		mov	r3, #0
 114 00dc C4F20303 		movt	r3, 16387
 115 00e0 4FF00002 		mov	r2, #0
 116 00e4 C4F20302 		movt	r2, 16387
 117 00e8 D269     		ldr	r2, [r2, #28]
 118 00ea 22F00702 		bic	r2, r2, #7
 119 00ee 42F00302 		orr	r2, r2, #3
 120 00f2 DA61     		str	r2, [r3, #28]
 133:../Dave/Generated/src/DAVESupport/MULTIPLEXER.c ****   			  					 				 				 		       				              				  					    					 					   				  					 				 			
 134:../Dave/Generated/src/DAVESupport/MULTIPLEXER.c ****           
 135:../Dave/Generated/src/DAVESupport/MULTIPLEXER.c ****    // Data Pointer & Buffer Size for Transmitter Buffer Control  
 136:../Dave/Generated/src/DAVESupport/MULTIPLEXER.c ****  WR_REG(USIC0_CH0->TBCTR, USIC_CH_TBCTR_DPTRSIZE_Msk, USIC_CH_TBCTR_DPTRSIZE_Pos,0x06000000);		/*  
 121              		.loc 1 136 0
 122 00f4 4FF00003 		mov	r3, #0
 123 00f8 C4F20303 		movt	r3, 16387
 124 00fc 4FF00002 		mov	r2, #0
 125 0100 C4F20302 		movt	r2, 16387
 126 0104 D2F80821 		ldr	r2, [r2, #264]
 127 0108 22F0E062 		bic	r2, r2, #117440512
 128 010c 22F03F02 		bic	r2, r2, #63
 129 0110 42F0C062 		orr	r2, r2, #100663296
 130 0114 C3F80821 		str	r2, [r3, #264]
 137:../Dave/Generated/src/DAVESupport/MULTIPLEXER.c ****     						
 138:../Dave/Generated/src/DAVESupport/MULTIPLEXER.c ****    /*USIC 0 Channel 1 Mux Related SFR/Bitfields Configurations*/ 									  					 				 				 		     
 139:../Dave/Generated/src/DAVESupport/MULTIPLEXER.c ****          						
 140:../Dave/Generated/src/DAVESupport/MULTIPLEXER.c ****    /*USIC 1 Channel 0 Mux Related SFR/Bitfields Configurations*/ 									  					 				 				 		     
 141:../Dave/Generated/src/DAVESupport/MULTIPLEXER.c ****        						
 142:../Dave/Generated/src/DAVESupport/MULTIPLEXER.c ****    /*USIC 1 Channel 1 Mux Related SFR/Bitfields Configurations*/ 									  					 				 				 		     
 143:../Dave/Generated/src/DAVESupport/MULTIPLEXER.c ****          						
 144:../Dave/Generated/src/DAVESupport/MULTIPLEXER.c ****    /*USIC 2 Channel 0 Mux Related SFR/Bitfields Configurations*/ 									  					 				 				 		     
 145:../Dave/Generated/src/DAVESupport/MULTIPLEXER.c ****        						
 146:../Dave/Generated/src/DAVESupport/MULTIPLEXER.c ****    /*USIC 2 Channel 1 Mux Related SFR/Bitfields Configurations*/ 									  					 				 				 		     
 147:../Dave/Generated/src/DAVESupport/MULTIPLEXER.c ****          
 148:../Dave/Generated/src/DAVESupport/MULTIPLEXER.c ****   
 149:../Dave/Generated/src/DAVESupport/MULTIPLEXER.c ****   /* Enable mode after configuring all USIC registers to avoid unintended edges */  
 150:../Dave/Generated/src/DAVESupport/MULTIPLEXER.c ****             
 151:../Dave/Generated/src/DAVESupport/MULTIPLEXER.c ****    WR_REG(USIC0_CH0->CCR, USIC_CH_CCR_MODE_Msk, USIC_CH_CCR_MODE_Pos,UsicCcrMode[0]); 
 131              		.loc 1 151 0
 132 0118 4FF00003 		mov	r3, #0
 133 011c C4F20303 		movt	r3, 16387
 134 0120 3A68     		ldr	r2, [r7, #0]
 135 0122 02F00F01 		and	r1, r2, #15
 136 0126 4FF00002 		mov	r2, #0
 137 012a C4F20302 		movt	r2, 16387
 138 012e 126C     		ldr	r2, [r2, #64]
 139 0130 22F00F02 		bic	r2, r2, #15
 140 0134 0A43     		orrs	r2, r2, r1
 141 0136 1A64     		str	r2, [r3, #64]
 152:../Dave/Generated/src/DAVESupport/MULTIPLEXER.c ****                    	         
 153:../Dave/Generated/src/DAVESupport/MULTIPLEXER.c ****                                               
 154:../Dave/Generated/src/DAVESupport/MULTIPLEXER.c ****    	 
 155:../Dave/Generated/src/DAVESupport/MULTIPLEXER.c ****             	         
 156:../Dave/Generated/src/DAVESupport/MULTIPLEXER.c ****                                               
 157:../Dave/Generated/src/DAVESupport/MULTIPLEXER.c ****    	 
 158:../Dave/Generated/src/DAVESupport/MULTIPLEXER.c ****             	         
 159:../Dave/Generated/src/DAVESupport/MULTIPLEXER.c ****                                           
 160:../Dave/Generated/src/DAVESupport/MULTIPLEXER.c **** 
 161:../Dave/Generated/src/DAVESupport/MULTIPLEXER.c **** /*        PORT Macro definitions for IOCR_OE, IOCR_PCR & HWSEL_HW     */                           
 162:../Dave/Generated/src/DAVESupport/MULTIPLEXER.c ****   WR_REG(PORT1->IOCR0, PORT_IOCR_PC0_OE_Msk, PORT_IOCR_PC0_OE_Pos, PORT_IOCR_OE1);                /
 142              		.loc 1 162 0
 143 0138 4FF40143 		mov	r3, #33024
 144 013c C4F60203 		movt	r3, 18434
 145 0140 4FF40142 		mov	r2, #33024
 146 0144 C4F60202 		movt	r2, 18434
 147 0148 1269     		ldr	r2, [r2, #16]
 148 014a 42F08002 		orr	r2, r2, #128
 149 014e 1A61     		str	r2, [r3, #16]
 163:../Dave/Generated/src/DAVESupport/MULTIPLEXER.c **** 					                         
 164:../Dave/Generated/src/DAVESupport/MULTIPLEXER.c ****   WR_REG(PORT1->IOCR0, PORT_IOCR_PC1_OE_Msk, PORT_IOCR_PC1_OE_Pos, PORT_IOCR_OE1);                /
 150              		.loc 1 164 0
 151 0150 4FF40143 		mov	r3, #33024
 152 0154 C4F60203 		movt	r3, 18434
 153 0158 4FF40142 		mov	r2, #33024
 154 015c C4F60202 		movt	r2, 18434
 155 0160 1269     		ldr	r2, [r2, #16]
 156 0162 42F40042 		orr	r2, r2, #32768
 157 0166 1A61     		str	r2, [r3, #16]
 165:../Dave/Generated/src/DAVESupport/MULTIPLEXER.c **** 					                         
 166:../Dave/Generated/src/DAVESupport/MULTIPLEXER.c ****   WR_REG(PORT1->IOCR8, 0xb800U, PORT_IOCR_PC1_PCR_Pos, 0x12U);                /*P1.9 : PORT1_IOCR8_
 158              		.loc 1 166 0
 159 0168 4FF40143 		mov	r3, #33024
 160 016c C4F60203 		movt	r3, 18434
 161 0170 4FF40142 		mov	r2, #33024
 162 0174 C4F60202 		movt	r2, 18434
 163 0178 9269     		ldr	r2, [r2, #24]
 164 017a 22F43842 		bic	r2, r2, #47104
 165 017e 42F41042 		orr	r2, r2, #36864
 166 0182 9A61     		str	r2, [r3, #24]
 167:../Dave/Generated/src/DAVESupport/MULTIPLEXER.c **** 					                         
 168:../Dave/Generated/src/DAVESupport/MULTIPLEXER.c ****   WR_REG(PORT1->IOCR12, 0xb8U, PORT_IOCR_PC0_PCR_Pos, 0x12U);                /*P1.12 : PORT1_IOCR12
 167              		.loc 1 168 0
 168 0184 4FF40143 		mov	r3, #33024
 169 0188 C4F60203 		movt	r3, 18434
 170 018c 4FF40142 		mov	r2, #33024
 171 0190 C4F60202 		movt	r2, 18434
 172 0194 D269     		ldr	r2, [r2, #28]
 173 0196 22F0B802 		bic	r2, r2, #184
 174 019a 42F09002 		orr	r2, r2, #144
 175 019e DA61     		str	r2, [r3, #28]
 169:../Dave/Generated/src/DAVESupport/MULTIPLEXER.c **** 					                         
 170:../Dave/Generated/src/DAVESupport/MULTIPLEXER.c ****   WR_REG(PORT5->IOCR0, 0xb800U, PORT_IOCR_PC1_PCR_Pos, 0x11U);                /*P5.1 : PORT5_IOCR0_
 176              		.loc 1 170 0
 177 01a0 4FF40543 		mov	r3, #34048
 178 01a4 C4F60203 		movt	r3, 18434
 179 01a8 4FF40542 		mov	r2, #34048
 180 01ac C4F60202 		movt	r2, 18434
 181 01b0 1269     		ldr	r2, [r2, #16]
 182 01b2 22F43842 		bic	r2, r2, #47104
 183 01b6 42F40842 		orr	r2, r2, #34816
 184 01ba 1A61     		str	r2, [r3, #16]
 171:../Dave/Generated/src/DAVESupport/MULTIPLEXER.c **** 					      
 172:../Dave/Generated/src/DAVESupport/MULTIPLEXER.c **** }
 185              		.loc 1 172 0
 186 01bc 07F11C07 		add	r7, r7, #28
 187 01c0 BD46     		mov	sp, r7
 188 01c2 80BC     		pop	{r7}
 189 01c4 7047     		bx	lr
 190              		.cfi_endproc
 191              	.LFE117:
 193 01c6 00BF     		.section	.text.DAVE_MUX_PreInit,"ax",%progbits
 194              		.align	2
 195              		.global	DAVE_MUX_PreInit
 196              		.thumb
 197              		.thumb_func
 199              	DAVE_MUX_PreInit:
 200              	.LFB118:
 173:../Dave/Generated/src/DAVESupport/MULTIPLEXER.c **** 
 174:../Dave/Generated/src/DAVESupport/MULTIPLEXER.c **** 
 175:../Dave/Generated/src/DAVESupport/MULTIPLEXER.c **** /*******************************************************************************
 176:../Dave/Generated/src/DAVESupport/MULTIPLEXER.c **** ** Syntax           : void DAVE_MUX_PreInit(void)                             **
 177:../Dave/Generated/src/DAVESupport/MULTIPLEXER.c **** **                                                                            **
 178:../Dave/Generated/src/DAVESupport/MULTIPLEXER.c **** ** Reentrancy       : None                                                    **
 179:../Dave/Generated/src/DAVESupport/MULTIPLEXER.c **** **                                                                            **
 180:../Dave/Generated/src/DAVESupport/MULTIPLEXER.c **** ** Parameters (in)  : void                                                    **
 181:../Dave/Generated/src/DAVESupport/MULTIPLEXER.c **** **                                                                            **
 182:../Dave/Generated/src/DAVESupport/MULTIPLEXER.c **** ** Parameters (out) : none                                                    **
 183:../Dave/Generated/src/DAVESupport/MULTIPLEXER.c **** **                                                                            **
 184:../Dave/Generated/src/DAVESupport/MULTIPLEXER.c **** ** Return value     : none                                                    **
 185:../Dave/Generated/src/DAVESupport/MULTIPLEXER.c **** **                                                                            **
 186:../Dave/Generated/src/DAVESupport/MULTIPLEXER.c **** ** Description      : This is the Mux configuration                           **
 187:../Dave/Generated/src/DAVESupport/MULTIPLEXER.c **** **                                                                            **
 188:../Dave/Generated/src/DAVESupport/MULTIPLEXER.c **** *******************************************************************************/
 189:../Dave/Generated/src/DAVESupport/MULTIPLEXER.c ****  
 190:../Dave/Generated/src/DAVESupport/MULTIPLEXER.c **** void DAVE_MUX_PreInit(void)
 191:../Dave/Generated/src/DAVESupport/MULTIPLEXER.c **** {                
 201              		.loc 1 191 0
 202              		.cfi_startproc
 203              		@ args = 0, pretend = 0, frame = 0
 204              		@ frame_needed = 1, uses_anonymous_args = 0
 205              		@ link register save eliminated.
 206 0000 80B4     		push	{r7}
 207              	.LCFI3:
 208              		.cfi_def_cfa_offset 4
 209              		.cfi_offset 7, -4
 210 0002 00AF     		add	r7, sp, #0
 211              	.LCFI4:
 212              		.cfi_def_cfa_register 7
 192:../Dave/Generated/src/DAVESupport/MULTIPLEXER.c **** 
 193:../Dave/Generated/src/DAVESupport/MULTIPLEXER.c **** /*        PORT Macro definitions for IOCR_OE, IOCR_PCR & HWSEL_HW     */                   
 194:../Dave/Generated/src/DAVESupport/MULTIPLEXER.c **** }
 213              		.loc 1 194 0
 214 0004 BD46     		mov	sp, r7
 215 0006 80BC     		pop	{r7}
 216 0008 7047     		bx	lr
 217              		.cfi_endproc
 218              	.LFE118:
 220 000a 00BF     		.text
 221              	.Letext0:
 222              		.file 2 "c:\\dave-3.1.10\\arm-gcc\\bin\\../lib/gcc/arm-none-eabi/4.7.4/../../../../arm-none-eabi/i
 223              		.file 3 "C:\\DAVE-3.1.10\\eclipse\\/../CMSIS/Infineon/XMC4500_series/Include/XMC4500.h"
 224              		.file 4 "C:\\DAVE-3.1.10\\eclipse\\/../CMSIS/Include/core_cm4.h"
DEFINED SYMBOLS
                            *ABS*:00000000 MULTIPLEXER.c
C:\Users\Aqeel\AppData\Local\Temp\cc9oHdEy.s:20     .text.DAVE_MUX_Init:00000000 $t
C:\Users\Aqeel\AppData\Local\Temp\cc9oHdEy.s:25     .text.DAVE_MUX_Init:00000000 DAVE_MUX_Init
C:\Users\Aqeel\AppData\Local\Temp\cc9oHdEy.s:194    .text.DAVE_MUX_PreInit:00000000 $t
C:\Users\Aqeel\AppData\Local\Temp\cc9oHdEy.s:199    .text.DAVE_MUX_PreInit:00000000 DAVE_MUX_PreInit
                     .debug_frame:00000010 $d
                           .group:00000000 wm4.1.592323046c84b12315b2713ce3886c0a
                           .group:00000000 wm4.XMC4500.h.45.215f4b8c79f46c7645c15373868d08c0
                           .group:00000000 wm4.core_cm4.h.47.41af406cb4cda82c972f112a9cd0a024
                           .group:00000000 wm4.newlib.h.8.a9901dc52d1357e3e94003403d43f8b5
                           .group:00000000 wm4.features.h.22.b72b3baab2bb2eab3661375590100b6b
                           .group:00000000 wm4.config.h.193.5fb8ef056cdff92dec3dee9552839d8c
                           .group:00000000 wm4._ansi.h.23.7aefdac4826acebbfc9f3822a0aeb14c
                           .group:00000000 wm4.stdint.h.20.54ad762faa59e3c05491630641c8d8bf
                           .group:00000000 wm4.core_cmInstr.h.39.3d3d1b4a79aef37532666dc6ee87c6ac
                           .group:00000000 wm4.core_cm4_simd.h.43.b5d1d38735af6366227b4256d330cf13
                           .group:00000000 wm4.core_cm4.h.178.e5ef5ce66d198d7f00f9d0076e267c41
                           .group:00000000 wm4.system_XMC4500.h.29.827f68baa362c84f2abae4ab67dde7c9
                           .group:00000000 wm4.XMC4500.h.198.8e022f279ff353ed081df898dc7b9cf3
                           .group:00000000 wm4.stddef.h.40.50cf36416e06376af8a9dca28536f2e4
                           .group:00000000 wm4.types.h.60.e75c47576398c648cdcf9000ace5e3d8
                           .group:00000000 wm4.MULTIPLEXER.h.46.4a863fbae1c79f0db26da3ce2dc30d02
                           .group:00000000 wm4.CCU8PWMLIB.h.74.725ec81203769525cc7a424597055f47
                           .group:00000000 wm4.MOTORLIB.h.62.951091d95913dd2ff36d761323a1771d
                           .group:00000000 wm4.DBG001.h.116.d6d9e7459a0faa3905c97c1d2edb339d
                           .group:00000000 wm4.uc_id.h.35.a6c4837fad81477ba31967683332b8cc
                           .group:00000000 wm4.CLK001_Const.h.50.e5e9c2ddc89f4cc9e7b93e9648fa94e4
                           .group:00000000 wm4.CLK001_Conf.h.81.82a8db895dc146da001475dd68223522
                           .group:00000000 wm4.CAN_Types.h.39.df7fb5ef31e40aa4065540aa5507b9c8
                           .group:00000000 wm4.CAN001.h.81.2ffbbfa413249ddb098d31e13be0595a
                           .group:00000000 wm4.CAN001_Conf.h.47.37054df7fc8e16acb44a84e615370b4e
                           .group:00000000 wm4.CAN001.h.1182.045aa37f116a6d2f0e10a31ad28e326b
                           .group:00000000 wm4.IO004.h.53.442ea5eb47ad9eedc675253aa35f3107
                           .group:00000000 wm4.NVIC002_Conf.h.62.46009087f3f9db74b135a4eac7d54acd
                           .group:00000000 wm4.Usic.h.54.8af9f733ba5771eeb374435d205ea54b
                           .group:00000000 wm4.UART001_Conf.h.53.a7d7190bee783732e895eea70c8f4a1b
                           .group:00000000 wm4.SYSTM001.h.64.6ecb31c49bc3e7691644fdcdfc11b5cd

NO UNDEFINED SYMBOLS
