   1              		.syntax unified
   2              		.cpu cortex-m4
   3              		.eabi_attribute 27, 3
   4              		.fpu fpv4-sp-d16
   5              		.eabi_attribute 20, 1
   6              		.eabi_attribute 21, 1
   7              		.eabi_attribute 23, 3
   8              		.eabi_attribute 24, 1
   9              		.eabi_attribute 25, 1
  10              		.eabi_attribute 26, 1
  11              		.eabi_attribute 30, 6
  12              		.eabi_attribute 34, 1
  13              		.eabi_attribute 18, 4
  14              		.thumb
  15              		.file	"IO004.c"
  16              		.text
  17              	.Ltext0:
  18              		.cfi_sections	.debug_frame
  19              		.section	.text.IO004_Init,"ax",%progbits
  20              		.align	2
  21              		.global	IO004_Init
  22              		.thumb
  23              		.thumb_func
  25              	IO004_Init:
  26              	.LFB117:
  27              		.file 1 "../Dave/Generated/src/IO004/IO004.c"
   1:../Dave/Generated/src/IO004/IO004.c **** /*******************************************************************************
   2:../Dave/Generated/src/IO004/IO004.c **** **  DAVE App Name : IO004       App Version: 1.0.22               
   3:../Dave/Generated/src/IO004/IO004.c **** **  This file is generated by DAVE, User modification to this file will be    **
   4:../Dave/Generated/src/IO004/IO004.c **** **  overwritten at the next code generation.                                  **
   5:../Dave/Generated/src/IO004/IO004.c **** *******************************************************************************/
   6:../Dave/Generated/src/IO004/IO004.c **** 
   7:../Dave/Generated/src/IO004/IO004.c **** 
   8:../Dave/Generated/src/IO004/IO004.c **** /*CODE_BLOCK_BEGIN[IO004.c]*/
   9:../Dave/Generated/src/IO004/IO004.c **** /*******************************************************************************
  10:../Dave/Generated/src/IO004/IO004.c ****  Copyright (c) 2012, Infineon Technologies AG                                 **
  11:../Dave/Generated/src/IO004/IO004.c ****  All rights reserved.                                                         **
  12:../Dave/Generated/src/IO004/IO004.c ****                                                                               **
  13:../Dave/Generated/src/IO004/IO004.c ****  Redistribution and use in source and binary forms, with or without           **
  14:../Dave/Generated/src/IO004/IO004.c ****  modification,are permitted provided that the following conditions are met:   **
  15:../Dave/Generated/src/IO004/IO004.c ****                                                                               **
  16:../Dave/Generated/src/IO004/IO004.c ****  *Redistributions of source code must retain the above copyright notice,      **
  17:../Dave/Generated/src/IO004/IO004.c ****  this list of conditions and the following disclaimer.                        **
  18:../Dave/Generated/src/IO004/IO004.c ****  *Redistributions in binary form must reproduce the above copyright notice,   **
  19:../Dave/Generated/src/IO004/IO004.c ****  this list of conditions and the following disclaimer in the documentation    **
  20:../Dave/Generated/src/IO004/IO004.c ****  and/or other materials provided with the distribution.                       **
  21:../Dave/Generated/src/IO004/IO004.c ****  *Neither the name of the copyright holders nor the names of its contributors **
  22:../Dave/Generated/src/IO004/IO004.c ****  may be used to endorse or promote products derived from this software without**
  23:../Dave/Generated/src/IO004/IO004.c ****  specific prior written permission.                                           **
  24:../Dave/Generated/src/IO004/IO004.c ****                                                                               **
  25:../Dave/Generated/src/IO004/IO004.c ****  THIS SOFTWARE IS PROVIDED BY THE COPYRIGHT HOLDERS AND CONTRIBUTORS "AS IS"  **
  26:../Dave/Generated/src/IO004/IO004.c ****  AND ANY EXPRESS OR IMPLIED WARRANTIES, INCLUDING, BUT NOT LIMITED TO, THE    **
  27:../Dave/Generated/src/IO004/IO004.c ****  IMPLIED WARRANTIES OF MERCHANTABILITY AND FITNESS FOR A PARTICULAR PURPOSE   **
  28:../Dave/Generated/src/IO004/IO004.c ****  ARE  DISCLAIMED. IN NO EVENT SHALL THE COPYRIGHT HOLDER OR CONTRIBUTORS BE   **
  29:../Dave/Generated/src/IO004/IO004.c ****  LIABLE  FOR ANY DIRECT, INDIRECT, INCIDENTAL, SPECIAL, EXEMPLARY, OR         **
  30:../Dave/Generated/src/IO004/IO004.c ****  CONSEQUENTIAL DAMAGES (INCLUDING, BUT NOT LIMITED TO, PROCUREMENT OF         **
  31:../Dave/Generated/src/IO004/IO004.c ****  SUBSTITUTE GOODS OR  SERVICES; LOSS OF USE, DATA, OR PROFITS; OR BUSINESS    **
  32:../Dave/Generated/src/IO004/IO004.c ****  INTERRUPTION) HOWEVER CAUSED AND ON ANY THEORY OF LIABILITY, WHETHER IN      **
  33:../Dave/Generated/src/IO004/IO004.c ****  CONTRACT, STRICT LIABILITY,OR TORT (INCLUDING NEGLIGENCE OR OTHERWISE)       **
  34:../Dave/Generated/src/IO004/IO004.c ****  ARISING IN ANY WAY OUT OF THE USE OF THIS SOFTWARE, EVEN IF ADVISED OF THE   **
  35:../Dave/Generated/src/IO004/IO004.c ****  POSSIBILITY OF SUCH DAMAGE.                                                  **
  36:../Dave/Generated/src/IO004/IO004.c ****                                                                               **
  37:../Dave/Generated/src/IO004/IO004.c ****  To improve the quality of the software, users are encouraged to share        **
  38:../Dave/Generated/src/IO004/IO004.c ****  modifications, enhancements or bug fixes with Infineon Technologies AG       **
  39:../Dave/Generated/src/IO004/IO004.c ****  dave@infineon.com).                                                          **
  40:../Dave/Generated/src/IO004/IO004.c ****                                                                               **
  41:../Dave/Generated/src/IO004/IO004.c **** ********************************************************************************
  42:../Dave/Generated/src/IO004/IO004.c **** **                                                                            **
  43:../Dave/Generated/src/IO004/IO004.c **** **                                                                            **
  44:../Dave/Generated/src/IO004/IO004.c **** ** PLATFORM : Infineon XMC4000/XMC1000 Series                                 **
  45:../Dave/Generated/src/IO004/IO004.c **** **                                                                            **
  46:../Dave/Generated/src/IO004/IO004.c **** ** COMPILER : Compiler Independent                                            **
  47:../Dave/Generated/src/IO004/IO004.c **** **                                                                            **
  48:../Dave/Generated/src/IO004/IO004.c **** ** AUTHOR   : App Developer                                                   **
  49:../Dave/Generated/src/IO004/IO004.c **** **                                                                            **
  50:../Dave/Generated/src/IO004/IO004.c **** ** MAY BE CHANGED BY USER [yes/no]: Yes                                       **
  51:../Dave/Generated/src/IO004/IO004.c **** **                                                                            **
  52:../Dave/Generated/src/IO004/IO004.c **** ** MODIFICATION DATE : Mar 16, 2013                                           **
  53:../Dave/Generated/src/IO004/IO004.c **** **                                                                            **
  54:../Dave/Generated/src/IO004/IO004.c **** *******************************************************************************/
  55:../Dave/Generated/src/IO004/IO004.c **** /*******************************************************************************
  56:../Dave/Generated/src/IO004/IO004.c **** **                      Author(s) Identity                                    **
  57:../Dave/Generated/src/IO004/IO004.c **** ********************************************************************************
  58:../Dave/Generated/src/IO004/IO004.c **** **                                                                            **
  59:../Dave/Generated/src/IO004/IO004.c **** ** Initials     Name                                                          **
  60:../Dave/Generated/src/IO004/IO004.c **** ** ---------------------------------------------------------------------------**
  61:../Dave/Generated/src/IO004/IO004.c **** ** PAE        App Developer                                                   **
  62:../Dave/Generated/src/IO004/IO004.c **** *******************************************************************************/
  63:../Dave/Generated/src/IO004/IO004.c **** /**
  64:../Dave/Generated/src/IO004/IO004.c ****  * @file   IO004.c
  65:../Dave/Generated/src/IO004/IO004.c ****  *
  66:../Dave/Generated/src/IO004/IO004.c ****  * @brief  IO_Digital _IO004 App
  67:../Dave/Generated/src/IO004/IO004.c ****  *
  68:../Dave/Generated/src/IO004/IO004.c ****  * This app can be used to configure a IO Pin when the output shall be 
  69:../Dave/Generated/src/IO004/IO004.c ****  * controlled by software or when it required  just as a input I/O.IO002 App can 
  70:../Dave/Generated/src/IO004/IO004.c ****  * be used in any case except when the output shall be controlled by software.			
  71:../Dave/Generated/src/IO004/IO004.c ****  *
  72:../Dave/Generated/src/IO004/IO004.c ****  *	Note: 
  73:../Dave/Generated/src/IO004/IO004.c ****  *	The App GUI configures the Port Pin as GPIO in input mode by default.
  74:../Dave/Generated/src/IO004/IO004.c ****  */
  75:../Dave/Generated/src/IO004/IO004.c **** /* Revision History 
  76:../Dave/Generated/src/IO004/IO004.c ****  *
  77:../Dave/Generated/src/IO004/IO004.c ****  * 01 Jan 2013  v1.0.12  Disabled Pad Class & Pad driver configuration for 
  78:../Dave/Generated/src/IO004/IO004.c ****  *                       XMC1000.
  79:../Dave/Generated/src/IO004/IO004.c ****  * 16 Mar 2013  v1.0.14  Modified OMR register configuration (Direct assignment 
  80:../Dave/Generated/src/IO004/IO004.c ****  *                       without reading) to upgrade performance.
  81:../Dave/Generated/src/IO004/IO004.c ****  *
  82:../Dave/Generated/src/IO004/IO004.c ****  */
  83:../Dave/Generated/src/IO004/IO004.c **** /*******************************************************************************
  84:../Dave/Generated/src/IO004/IO004.c ****  ** INCLUDE FILES                                                             **
  85:../Dave/Generated/src/IO004/IO004.c ****  ******************************************************************************/
  86:../Dave/Generated/src/IO004/IO004.c **** 
  87:../Dave/Generated/src/IO004/IO004.c **** /** Inclusion of header file */
  88:../Dave/Generated/src/IO004/IO004.c **** #include <DAVE3.h>
  89:../Dave/Generated/src/IO004/IO004.c **** 
  90:../Dave/Generated/src/IO004/IO004.c **** /*******************************************************************************
  91:../Dave/Generated/src/IO004/IO004.c **** **                      Private Macro Definitions                             **
  92:../Dave/Generated/src/IO004/IO004.c **** *******************************************************************************/
  93:../Dave/Generated/src/IO004/IO004.c **** 
  94:../Dave/Generated/src/IO004/IO004.c **** /*******************************************************************************
  95:../Dave/Generated/src/IO004/IO004.c **** **                      Private Type Definitions                              **
  96:../Dave/Generated/src/IO004/IO004.c **** *******************************************************************************/
  97:../Dave/Generated/src/IO004/IO004.c **** 
  98:../Dave/Generated/src/IO004/IO004.c **** /*******************************************************************************
  99:../Dave/Generated/src/IO004/IO004.c **** **                 Private Function Declarations:
 100:../Dave/Generated/src/IO004/IO004.c **** *******************************************************************************/
 101:../Dave/Generated/src/IO004/IO004.c **** 
 102:../Dave/Generated/src/IO004/IO004.c **** /*******************************************************************************
 103:../Dave/Generated/src/IO004/IO004.c **** **                      Global Constant Definitions                           **
 104:../Dave/Generated/src/IO004/IO004.c **** *******************************************************************************/
 105:../Dave/Generated/src/IO004/IO004.c **** 
 106:../Dave/Generated/src/IO004/IO004.c **** /*******************************************************************************
 107:../Dave/Generated/src/IO004/IO004.c **** **                      Global Variable Definitions                           **
 108:../Dave/Generated/src/IO004/IO004.c **** *******************************************************************************/
 109:../Dave/Generated/src/IO004/IO004.c **** 
 110:../Dave/Generated/src/IO004/IO004.c **** /*******************************************************************************
 111:../Dave/Generated/src/IO004/IO004.c **** **                      Private Constant Definitions                          **
 112:../Dave/Generated/src/IO004/IO004.c **** *******************************************************************************/
 113:../Dave/Generated/src/IO004/IO004.c **** 
 114:../Dave/Generated/src/IO004/IO004.c **** /*******************************************************************************
 115:../Dave/Generated/src/IO004/IO004.c **** **                 Function like macro definitions                            **
 116:../Dave/Generated/src/IO004/IO004.c **** *******************************************************************************/
 117:../Dave/Generated/src/IO004/IO004.c **** /*******************************************************************************
 118:../Dave/Generated/src/IO004/IO004.c **** **                      Private Function Definitions                          **
 119:../Dave/Generated/src/IO004/IO004.c **** *******************************************************************************/
 120:../Dave/Generated/src/IO004/IO004.c **** 
 121:../Dave/Generated/src/IO004/IO004.c **** /*******************************************************************************
 122:../Dave/Generated/src/IO004/IO004.c **** **                      Public Function Definitions                           **
 123:../Dave/Generated/src/IO004/IO004.c **** *******************************************************************************/
 124:../Dave/Generated/src/IO004/IO004.c **** /** @ingroup IO004_Func
 125:../Dave/Generated/src/IO004/IO004.c ****  * @{
 126:../Dave/Generated/src/IO004/IO004.c ****  */
 127:../Dave/Generated/src/IO004/IO004.c **** 
 128:../Dave/Generated/src/IO004/IO004.c **** void IO004_Init(void)
 129:../Dave/Generated/src/IO004/IO004.c **** {
  28              		.loc 1 129 0
  29              		.cfi_startproc
  30              		@ args = 0, pretend = 0, frame = 0
  31              		@ frame_needed = 1, uses_anonymous_args = 0
  32              		@ link register save eliminated.
  33 0000 80B4     		push	{r7}
  34              	.LCFI0:
  35              		.cfi_def_cfa_offset 4
  36              		.cfi_offset 7, -4
  37 0002 00AF     		add	r7, sp, #0
  38              	.LCFI1:
  39              		.cfi_def_cfa_register 7
 130:../Dave/Generated/src/IO004/IO004.c ****    /* <<<DD_IO004_API_1>>> */
 131:../Dave/Generated/src/IO004/IO004.c **** 
 132:../Dave/Generated/src/IO004/IO004.c **** 	   
 133:../Dave/Generated/src/IO004/IO004.c **** 
 134:../Dave/Generated/src/IO004/IO004.c ****   /* Configuration of 1 Port 0 based on User configuration */
 135:../Dave/Generated/src/IO004/IO004.c ****   IO004_Handle0.PortRegs->OMR = 0U<< 0;
  40              		.loc 1 135 0
  41 0004 40F20003 		movw	r3, #:lower16:IO004_Handle0
  42 0008 C0F20003 		movt	r3, #:upper16:IO004_Handle0
  43 000c 5B68     		ldr	r3, [r3, #4]
  44 000e 4FF00002 		mov	r2, #0
  45 0012 5A60     		str	r2, [r3, #4]
 136:../Dave/Generated/src/IO004/IO004.c ****   
 137:../Dave/Generated/src/IO004/IO004.c ****   IO004_Handle0.PortRegs->PDR0   &= (uint32_t)(~(PORT1_PDR0_PD0_Msk));
  46              		.loc 1 137 0
  47 0014 40F20003 		movw	r3, #:lower16:IO004_Handle0
  48 0018 C0F20003 		movt	r3, #:upper16:IO004_Handle0
  49 001c 5A68     		ldr	r2, [r3, #4]
  50 001e 40F20003 		movw	r3, #:lower16:IO004_Handle0
  51 0022 C0F20003 		movt	r3, #:upper16:IO004_Handle0
  52 0026 5B68     		ldr	r3, [r3, #4]
  53 0028 1B6C     		ldr	r3, [r3, #64]
  54 002a 23F00703 		bic	r3, r3, #7
  55 002e 1364     		str	r3, [r2, #64]
 138:../Dave/Generated/src/IO004/IO004.c ****   IO004_Handle0.PortRegs->PDR0   |= (uint32_t)((4UL << PORT1_PDR0_PD0_Pos) & \
  56              		.loc 1 138 0
  57 0030 40F20003 		movw	r3, #:lower16:IO004_Handle0
  58 0034 C0F20003 		movt	r3, #:upper16:IO004_Handle0
  59 0038 5A68     		ldr	r2, [r3, #4]
  60 003a 40F20003 		movw	r3, #:lower16:IO004_Handle0
  61 003e C0F20003 		movt	r3, #:upper16:IO004_Handle0
  62 0042 5B68     		ldr	r3, [r3, #4]
  63 0044 1B6C     		ldr	r3, [r3, #64]
  64 0046 43F00403 		orr	r3, r3, #4
  65 004a 1364     		str	r3, [r2, #64]
 139:../Dave/Generated/src/IO004/IO004.c ****                                           PORT1_PDR0_PD0_Msk);
 140:../Dave/Generated/src/IO004/IO004.c ****   IO004_Handle0.PortRegs->IOCR0 |= (0U << 3);   
  66              		.loc 1 140 0
  67 004c 40F20003 		movw	r3, #:lower16:IO004_Handle0
  68 0050 C0F20003 		movt	r3, #:upper16:IO004_Handle0
  69 0054 5A68     		ldr	r2, [r3, #4]
  70 0056 40F20003 		movw	r3, #:lower16:IO004_Handle0
  71 005a C0F20003 		movt	r3, #:upper16:IO004_Handle0
  72 005e 5B68     		ldr	r3, [r3, #4]
  73 0060 1B69     		ldr	r3, [r3, #16]
  74 0062 1361     		str	r3, [r2, #16]
 141:../Dave/Generated/src/IO004/IO004.c **** 
 142:../Dave/Generated/src/IO004/IO004.c ****   /* Configuration of 1 Port 14 based on User configuration */
 143:../Dave/Generated/src/IO004/IO004.c ****   IO004_Handle1.PortRegs->OMR = 0U<< 14;
  75              		.loc 1 143 0
  76 0064 40F20003 		movw	r3, #:lower16:IO004_Handle1
  77 0068 C0F20003 		movt	r3, #:upper16:IO004_Handle1
  78 006c 5B68     		ldr	r3, [r3, #4]
  79 006e 4FF00002 		mov	r2, #0
  80 0072 5A60     		str	r2, [r3, #4]
 144:../Dave/Generated/src/IO004/IO004.c ****   
 145:../Dave/Generated/src/IO004/IO004.c ****   IO004_Handle1.PortRegs->PDR1  &= (uint32_t)(~(PORT1_PDR1_PD14_Msk));
  81              		.loc 1 145 0
  82 0074 40F20003 		movw	r3, #:lower16:IO004_Handle1
  83 0078 C0F20003 		movt	r3, #:upper16:IO004_Handle1
  84 007c 5A68     		ldr	r2, [r3, #4]
  85 007e 40F20003 		movw	r3, #:lower16:IO004_Handle1
  86 0082 C0F20003 		movt	r3, #:upper16:IO004_Handle1
  87 0086 5B68     		ldr	r3, [r3, #4]
  88 0088 5B6C     		ldr	r3, [r3, #68]
  89 008a 23F0E063 		bic	r3, r3, #117440512
  90 008e 5364     		str	r3, [r2, #68]
 146:../Dave/Generated/src/IO004/IO004.c ****   IO004_Handle1.PortRegs->PDR1  |= (uint32_t)((4UL << PORT1_PDR1_PD14_Pos) & \
  91              		.loc 1 146 0
  92 0090 40F20003 		movw	r3, #:lower16:IO004_Handle1
  93 0094 C0F20003 		movt	r3, #:upper16:IO004_Handle1
  94 0098 5A68     		ldr	r2, [r3, #4]
  95 009a 40F20003 		movw	r3, #:lower16:IO004_Handle1
  96 009e C0F20003 		movt	r3, #:upper16:IO004_Handle1
  97 00a2 5B68     		ldr	r3, [r3, #4]
  98 00a4 5B6C     		ldr	r3, [r3, #68]
  99 00a6 43F08063 		orr	r3, r3, #67108864
 100 00aa 5364     		str	r3, [r2, #68]
 147:../Dave/Generated/src/IO004/IO004.c ****                                      PORT1_PDR1_PD14_Msk);
 148:../Dave/Generated/src/IO004/IO004.c ****   IO004_Handle1.PortRegs->IOCR12 |= (0U << 19);   
 101              		.loc 1 148 0
 102 00ac 40F20003 		movw	r3, #:lower16:IO004_Handle1
 103 00b0 C0F20003 		movt	r3, #:upper16:IO004_Handle1
 104 00b4 5A68     		ldr	r2, [r3, #4]
 105 00b6 40F20003 		movw	r3, #:lower16:IO004_Handle1
 106 00ba C0F20003 		movt	r3, #:upper16:IO004_Handle1
 107 00be 5B68     		ldr	r3, [r3, #4]
 108 00c0 DB69     		ldr	r3, [r3, #28]
 109 00c2 D361     		str	r3, [r2, #28]
 149:../Dave/Generated/src/IO004/IO004.c **** 
 150:../Dave/Generated/src/IO004/IO004.c ****   /* Configuration of 1 Port 1 based on User configuration */
 151:../Dave/Generated/src/IO004/IO004.c ****   IO004_Handle2.PortRegs->OMR = 0U<< 1;
 110              		.loc 1 151 0
 111 00c4 40F20003 		movw	r3, #:lower16:IO004_Handle2
 112 00c8 C0F20003 		movt	r3, #:upper16:IO004_Handle2
 113 00cc 5B68     		ldr	r3, [r3, #4]
 114 00ce 4FF00002 		mov	r2, #0
 115 00d2 5A60     		str	r2, [r3, #4]
 152:../Dave/Generated/src/IO004/IO004.c ****   
 153:../Dave/Generated/src/IO004/IO004.c ****   IO004_Handle2.PortRegs->PDR0   &= (uint32_t)(~(PORT1_PDR0_PD1_Msk));
 116              		.loc 1 153 0
 117 00d4 40F20003 		movw	r3, #:lower16:IO004_Handle2
 118 00d8 C0F20003 		movt	r3, #:upper16:IO004_Handle2
 119 00dc 5A68     		ldr	r2, [r3, #4]
 120 00de 40F20003 		movw	r3, #:lower16:IO004_Handle2
 121 00e2 C0F20003 		movt	r3, #:upper16:IO004_Handle2
 122 00e6 5B68     		ldr	r3, [r3, #4]
 123 00e8 1B6C     		ldr	r3, [r3, #64]
 124 00ea 23F07003 		bic	r3, r3, #112
 125 00ee 1364     		str	r3, [r2, #64]
 154:../Dave/Generated/src/IO004/IO004.c ****   IO004_Handle2.PortRegs->PDR0   |= (uint32_t)((4UL << PORT1_PDR0_PD1_Pos) & \
 126              		.loc 1 154 0
 127 00f0 40F20003 		movw	r3, #:lower16:IO004_Handle2
 128 00f4 C0F20003 		movt	r3, #:upper16:IO004_Handle2
 129 00f8 5A68     		ldr	r2, [r3, #4]
 130 00fa 40F20003 		movw	r3, #:lower16:IO004_Handle2
 131 00fe C0F20003 		movt	r3, #:upper16:IO004_Handle2
 132 0102 5B68     		ldr	r3, [r3, #4]
 133 0104 1B6C     		ldr	r3, [r3, #64]
 134 0106 43F04003 		orr	r3, r3, #64
 135 010a 1364     		str	r3, [r2, #64]
 155:../Dave/Generated/src/IO004/IO004.c ****                                           PORT1_PDR0_PD1_Msk);
 156:../Dave/Generated/src/IO004/IO004.c ****   IO004_Handle2.PortRegs->IOCR0 |= (0U << 11);   
 136              		.loc 1 156 0
 137 010c 40F20003 		movw	r3, #:lower16:IO004_Handle2
 138 0110 C0F20003 		movt	r3, #:upper16:IO004_Handle2
 139 0114 5A68     		ldr	r2, [r3, #4]
 140 0116 40F20003 		movw	r3, #:lower16:IO004_Handle2
 141 011a C0F20003 		movt	r3, #:upper16:IO004_Handle2
 142 011e 5B68     		ldr	r3, [r3, #4]
 143 0120 1B69     		ldr	r3, [r3, #16]
 144 0122 1361     		str	r3, [r2, #16]
 157:../Dave/Generated/src/IO004/IO004.c **** 
 158:../Dave/Generated/src/IO004/IO004.c ****   /* Configuration of 1 Port 15 based on User configuration */
 159:../Dave/Generated/src/IO004/IO004.c ****   IO004_Handle3.PortRegs->OMR = 0U<< 15;
 145              		.loc 1 159 0
 146 0124 40F20003 		movw	r3, #:lower16:IO004_Handle3
 147 0128 C0F20003 		movt	r3, #:upper16:IO004_Handle3
 148 012c 5B68     		ldr	r3, [r3, #4]
 149 012e 4FF00002 		mov	r2, #0
 150 0132 5A60     		str	r2, [r3, #4]
 160:../Dave/Generated/src/IO004/IO004.c ****   
 161:../Dave/Generated/src/IO004/IO004.c ****   IO004_Handle3.PortRegs->PDR1  &= (uint32_t)(~(PORT1_PDR1_PD15_Msk));
 151              		.loc 1 161 0
 152 0134 40F20003 		movw	r3, #:lower16:IO004_Handle3
 153 0138 C0F20003 		movt	r3, #:upper16:IO004_Handle3
 154 013c 5A68     		ldr	r2, [r3, #4]
 155 013e 40F20003 		movw	r3, #:lower16:IO004_Handle3
 156 0142 C0F20003 		movt	r3, #:upper16:IO004_Handle3
 157 0146 5B68     		ldr	r3, [r3, #4]
 158 0148 5B6C     		ldr	r3, [r3, #68]
 159 014a 23F0E043 		bic	r3, r3, #1879048192
 160 014e 5364     		str	r3, [r2, #68]
 162:../Dave/Generated/src/IO004/IO004.c ****   IO004_Handle3.PortRegs->PDR1  |= (uint32_t)((4UL << PORT1_PDR1_PD15_Pos) & \
 161              		.loc 1 162 0
 162 0150 40F20003 		movw	r3, #:lower16:IO004_Handle3
 163 0154 C0F20003 		movt	r3, #:upper16:IO004_Handle3
 164 0158 5A68     		ldr	r2, [r3, #4]
 165 015a 40F20003 		movw	r3, #:lower16:IO004_Handle3
 166 015e C0F20003 		movt	r3, #:upper16:IO004_Handle3
 167 0162 5B68     		ldr	r3, [r3, #4]
 168 0164 5B6C     		ldr	r3, [r3, #68]
 169 0166 43F08043 		orr	r3, r3, #1073741824
 170 016a 5364     		str	r3, [r2, #68]
 163:../Dave/Generated/src/IO004/IO004.c ****                                      PORT1_PDR1_PD15_Msk);
 164:../Dave/Generated/src/IO004/IO004.c ****   IO004_Handle3.PortRegs->IOCR12 |= (0U << 27);
 171              		.loc 1 164 0
 172 016c 40F20003 		movw	r3, #:lower16:IO004_Handle3
 173 0170 C0F20003 		movt	r3, #:upper16:IO004_Handle3
 174 0174 5A68     		ldr	r2, [r3, #4]
 175 0176 40F20003 		movw	r3, #:lower16:IO004_Handle3
 176 017a C0F20003 		movt	r3, #:upper16:IO004_Handle3
 177 017e 5B68     		ldr	r3, [r3, #4]
 178 0180 DB69     		ldr	r3, [r3, #28]
 179 0182 D361     		str	r3, [r2, #28]
 165:../Dave/Generated/src/IO004/IO004.c **** }
 180              		.loc 1 165 0
 181 0184 BD46     		mov	sp, r7
 182 0186 80BC     		pop	{r7}
 183 0188 7047     		bx	lr
 184              		.cfi_endproc
 185              	.LFE117:
 187 018a 00BF     		.section	.text.IO004_DisableOutputDriver,"ax",%progbits
 188              		.align	2
 189              		.global	IO004_DisableOutputDriver
 190              		.thumb
 191              		.thumb_func
 193              	IO004_DisableOutputDriver:
 194              	.LFB118:
 166:../Dave/Generated/src/IO004/IO004.c **** 
 167:../Dave/Generated/src/IO004/IO004.c **** void IO004_DisableOutputDriver(const IO004_HandleType* Handle,IO004_InputModeType Mode)
 168:../Dave/Generated/src/IO004/IO004.c **** {
 195              		.loc 1 168 0
 196              		.cfi_startproc
 197              		@ args = 0, pretend = 0, frame = 16
 198              		@ frame_needed = 1, uses_anonymous_args = 0
 199              		@ link register save eliminated.
 200 0000 80B4     		push	{r7}
 201              	.LCFI2:
 202              		.cfi_def_cfa_offset 4
 203              		.cfi_offset 7, -4
 204 0002 85B0     		sub	sp, sp, #20
 205              	.LCFI3:
 206              		.cfi_def_cfa_offset 24
 207 0004 00AF     		add	r7, sp, #0
 208              	.LCFI4:
 209              		.cfi_def_cfa_register 7
 210 0006 7860     		str	r0, [r7, #4]
 211 0008 0B46     		mov	r3, r1
 212 000a FB70     		strb	r3, [r7, #3]
 169:../Dave/Generated/src/IO004/IO004.c ****   uint8_t Pin = Handle->PortPin;
 213              		.loc 1 169 0
 214 000c 7B68     		ldr	r3, [r7, #4]
 215 000e 5B78     		ldrb	r3, [r3, #1]
 216 0010 FB73     		strb	r3, [r7, #15]
 170:../Dave/Generated/src/IO004/IO004.c ****   /* <<<DD_IO004_API_2>>> */
 171:../Dave/Generated/src/IO004/IO004.c ****   if(Pin < 4U)
 217              		.loc 1 171 0
 218 0012 FB7B     		ldrb	r3, [r7, #15]	@ zero_extendqisi2
 219 0014 032B     		cmp	r3, #3
 220 0016 23D8     		bhi	.L3
 172:../Dave/Generated/src/IO004/IO004.c ****   {
 173:../Dave/Generated/src/IO004/IO004.c ****     Handle->PortRegs->IOCR0  =  (uint32_t)(Handle->PortRegs->IOCR0 & ~(0x0000001FUL << (3U+(Pin*8U)
 221              		.loc 1 173 0
 222 0018 7B68     		ldr	r3, [r7, #4]
 223 001a 5B68     		ldr	r3, [r3, #4]
 224 001c 7A68     		ldr	r2, [r7, #4]
 225 001e 5268     		ldr	r2, [r2, #4]
 226 0020 1169     		ldr	r1, [r2, #16]
 227 0022 FA7B     		ldrb	r2, [r7, #15]	@ zero_extendqisi2
 228 0024 4FEAC202 		lsl	r2, r2, #3
 229 0028 02F10302 		add	r2, r2, #3
 230 002c 4FF01F00 		mov	r0, #31
 231 0030 00FA02F2 		lsl	r2, r0, r2
 232 0034 6FEA0202 		mvn	r2, r2
 233 0038 0A40     		ands	r2, r2, r1
 234 003a 1A61     		str	r2, [r3, #16]
 174:../Dave/Generated/src/IO004/IO004.c ****     Handle->PortRegs->IOCR0 |= (uint32_t)(((uint32_t)Mode & 0x1FUL) << (3U+(Pin*8U)));
 235              		.loc 1 174 0
 236 003c 7B68     		ldr	r3, [r7, #4]
 237 003e 5B68     		ldr	r3, [r3, #4]
 238 0040 7A68     		ldr	r2, [r7, #4]
 239 0042 5268     		ldr	r2, [r2, #4]
 240 0044 1169     		ldr	r1, [r2, #16]
 241 0046 FA78     		ldrb	r2, [r7, #3]	@ zero_extendqisi2
 242 0048 02F01F00 		and	r0, r2, #31
 243 004c FA7B     		ldrb	r2, [r7, #15]	@ zero_extendqisi2
 244 004e 4FEAC202 		lsl	r2, r2, #3
 245 0052 02F10302 		add	r2, r2, #3
 246 0056 00FA02F2 		lsl	r2, r0, r2
 247 005a 0A43     		orrs	r2, r2, r1
 248 005c 1A61     		str	r2, [r3, #16]
 249 005e 88E0     		b	.L2
 250              	.L3:
 175:../Dave/Generated/src/IO004/IO004.c ****   } else if ((Pin >= 4U) && (Pin <= 7U))
 251              		.loc 1 175 0
 252 0060 FB7B     		ldrb	r3, [r7, #15]	@ zero_extendqisi2
 253 0062 032B     		cmp	r3, #3
 254 0064 2AD9     		bls	.L5
 255              		.loc 1 175 0 is_stmt 0 discriminator 1
 256 0066 FB7B     		ldrb	r3, [r7, #15]	@ zero_extendqisi2
 257 0068 072B     		cmp	r3, #7
 258 006a 27D8     		bhi	.L5
 176:../Dave/Generated/src/IO004/IO004.c ****   {
 177:../Dave/Generated/src/IO004/IO004.c ****     Pin = Pin - 4U;
 259              		.loc 1 177 0 is_stmt 1
 260 006c FB7B     		ldrb	r3, [r7, #15]
 261 006e A3F10403 		sub	r3, r3, #4
 262 0072 FB73     		strb	r3, [r7, #15]
 178:../Dave/Generated/src/IO004/IO004.c ****     Handle->PortRegs->IOCR4  =  (uint32_t)(Handle->PortRegs->IOCR4 & ~(0x0000001FUL << (3U+(Pin*8U)
 263              		.loc 1 178 0
 264 0074 7B68     		ldr	r3, [r7, #4]
 265 0076 5B68     		ldr	r3, [r3, #4]
 266 0078 7A68     		ldr	r2, [r7, #4]
 267 007a 5268     		ldr	r2, [r2, #4]
 268 007c 5169     		ldr	r1, [r2, #20]
 269 007e FA7B     		ldrb	r2, [r7, #15]	@ zero_extendqisi2
 270 0080 4FEAC202 		lsl	r2, r2, #3
 271 0084 02F10302 		add	r2, r2, #3
 272 0088 4FF01F00 		mov	r0, #31
 273 008c 00FA02F2 		lsl	r2, r0, r2
 274 0090 6FEA0202 		mvn	r2, r2
 275 0094 0A40     		ands	r2, r2, r1
 276 0096 5A61     		str	r2, [r3, #20]
 179:../Dave/Generated/src/IO004/IO004.c ****     Handle->PortRegs->IOCR4 |=  (uint32_t)(((uint32_t)Mode & 0x1FUL) << (3U+(Pin*8U)));
 277              		.loc 1 179 0
 278 0098 7B68     		ldr	r3, [r7, #4]
 279 009a 5B68     		ldr	r3, [r3, #4]
 280 009c 7A68     		ldr	r2, [r7, #4]
 281 009e 5268     		ldr	r2, [r2, #4]
 282 00a0 5169     		ldr	r1, [r2, #20]
 283 00a2 FA78     		ldrb	r2, [r7, #3]	@ zero_extendqisi2
 284 00a4 02F01F00 		and	r0, r2, #31
 285 00a8 FA7B     		ldrb	r2, [r7, #15]	@ zero_extendqisi2
 286 00aa 4FEAC202 		lsl	r2, r2, #3
 287 00ae 02F10302 		add	r2, r2, #3
 288 00b2 00FA02F2 		lsl	r2, r0, r2
 289 00b6 0A43     		orrs	r2, r2, r1
 290 00b8 5A61     		str	r2, [r3, #20]
 291 00ba 5AE0     		b	.L2
 292              	.L5:
 180:../Dave/Generated/src/IO004/IO004.c ****   } else if ((Pin >= 8U) && (Pin <= 11U))
 293              		.loc 1 180 0
 294 00bc FB7B     		ldrb	r3, [r7, #15]	@ zero_extendqisi2
 295 00be 072B     		cmp	r3, #7
 296 00c0 2AD9     		bls	.L6
 297              		.loc 1 180 0 is_stmt 0 discriminator 1
 298 00c2 FB7B     		ldrb	r3, [r7, #15]	@ zero_extendqisi2
 299 00c4 0B2B     		cmp	r3, #11
 300 00c6 27D8     		bhi	.L6
 181:../Dave/Generated/src/IO004/IO004.c ****   {
 182:../Dave/Generated/src/IO004/IO004.c ****     Pin = Pin - 8U;
 301              		.loc 1 182 0 is_stmt 1
 302 00c8 FB7B     		ldrb	r3, [r7, #15]
 303 00ca A3F10803 		sub	r3, r3, #8
 304 00ce FB73     		strb	r3, [r7, #15]
 183:../Dave/Generated/src/IO004/IO004.c ****     Handle->PortRegs->IOCR8  =  (uint32_t)(Handle->PortRegs->IOCR8 & ~(0x0000001FUL << (3U+(Pin*8U)
 305              		.loc 1 183 0
 306 00d0 7B68     		ldr	r3, [r7, #4]
 307 00d2 5B68     		ldr	r3, [r3, #4]
 308 00d4 7A68     		ldr	r2, [r7, #4]
 309 00d6 5268     		ldr	r2, [r2, #4]
 310 00d8 9169     		ldr	r1, [r2, #24]
 311 00da FA7B     		ldrb	r2, [r7, #15]	@ zero_extendqisi2
 312 00dc 4FEAC202 		lsl	r2, r2, #3
 313 00e0 02F10302 		add	r2, r2, #3
 314 00e4 4FF01F00 		mov	r0, #31
 315 00e8 00FA02F2 		lsl	r2, r0, r2
 316 00ec 6FEA0202 		mvn	r2, r2
 317 00f0 0A40     		ands	r2, r2, r1
 318 00f2 9A61     		str	r2, [r3, #24]
 184:../Dave/Generated/src/IO004/IO004.c ****     Handle->PortRegs->IOCR8 |=  (uint32_t)(((uint32_t)Mode & 0x1FUL) << (3U+(Pin*8U)));
 319              		.loc 1 184 0
 320 00f4 7B68     		ldr	r3, [r7, #4]
 321 00f6 5B68     		ldr	r3, [r3, #4]
 322 00f8 7A68     		ldr	r2, [r7, #4]
 323 00fa 5268     		ldr	r2, [r2, #4]
 324 00fc 9169     		ldr	r1, [r2, #24]
 325 00fe FA78     		ldrb	r2, [r7, #3]	@ zero_extendqisi2
 326 0100 02F01F00 		and	r0, r2, #31
 327 0104 FA7B     		ldrb	r2, [r7, #15]	@ zero_extendqisi2
 328 0106 4FEAC202 		lsl	r2, r2, #3
 329 010a 02F10302 		add	r2, r2, #3
 330 010e 00FA02F2 		lsl	r2, r0, r2
 331 0112 0A43     		orrs	r2, r2, r1
 332 0114 9A61     		str	r2, [r3, #24]
 333 0116 2CE0     		b	.L2
 334              	.L6:
 185:../Dave/Generated/src/IO004/IO004.c ****   } else if ((Pin >= 12U) && (Pin <= 15U))
 335              		.loc 1 185 0
 336 0118 FB7B     		ldrb	r3, [r7, #15]	@ zero_extendqisi2
 337 011a 0B2B     		cmp	r3, #11
 338 011c 29D9     		bls	.L2
 339              		.loc 1 185 0 is_stmt 0 discriminator 1
 340 011e FB7B     		ldrb	r3, [r7, #15]	@ zero_extendqisi2
 341 0120 0F2B     		cmp	r3, #15
 342 0122 26D8     		bhi	.L2
 186:../Dave/Generated/src/IO004/IO004.c ****   {
 187:../Dave/Generated/src/IO004/IO004.c ****     Pin = Pin - 12U;
 343              		.loc 1 187 0 is_stmt 1
 344 0124 FB7B     		ldrb	r3, [r7, #15]
 345 0126 A3F10C03 		sub	r3, r3, #12
 346 012a FB73     		strb	r3, [r7, #15]
 188:../Dave/Generated/src/IO004/IO004.c ****     Handle->PortRegs->IOCR12  =  (uint32_t)(Handle->PortRegs->IOCR12 & ~(0x0000001FUL << (3U+(Pin*8
 347              		.loc 1 188 0
 348 012c 7B68     		ldr	r3, [r7, #4]
 349 012e 5B68     		ldr	r3, [r3, #4]
 350 0130 7A68     		ldr	r2, [r7, #4]
 351 0132 5268     		ldr	r2, [r2, #4]
 352 0134 D169     		ldr	r1, [r2, #28]
 353 0136 FA7B     		ldrb	r2, [r7, #15]	@ zero_extendqisi2
 354 0138 4FEAC202 		lsl	r2, r2, #3
 355 013c 02F10302 		add	r2, r2, #3
 356 0140 4FF01F00 		mov	r0, #31
 357 0144 00FA02F2 		lsl	r2, r0, r2
 358 0148 6FEA0202 		mvn	r2, r2
 359 014c 0A40     		ands	r2, r2, r1
 360 014e DA61     		str	r2, [r3, #28]
 189:../Dave/Generated/src/IO004/IO004.c ****     Handle->PortRegs->IOCR12 |=  (uint32_t)(((uint32_t)Mode & 0x1FUL) << (3U+(Pin*8U)));
 361              		.loc 1 189 0
 362 0150 7B68     		ldr	r3, [r7, #4]
 363 0152 5B68     		ldr	r3, [r3, #4]
 364 0154 7A68     		ldr	r2, [r7, #4]
 365 0156 5268     		ldr	r2, [r2, #4]
 366 0158 D169     		ldr	r1, [r2, #28]
 367 015a FA78     		ldrb	r2, [r7, #3]	@ zero_extendqisi2
 368 015c 02F01F00 		and	r0, r2, #31
 369 0160 FA7B     		ldrb	r2, [r7, #15]	@ zero_extendqisi2
 370 0162 4FEAC202 		lsl	r2, r2, #3
 371 0166 02F10302 		add	r2, r2, #3
 372 016a 00FA02F2 		lsl	r2, r0, r2
 373 016e 0A43     		orrs	r2, r2, r1
 374 0170 DA61     		str	r2, [r3, #28]
 375              	.L2:
 190:../Dave/Generated/src/IO004/IO004.c ****   }
 191:../Dave/Generated/src/IO004/IO004.c ****   else
 192:../Dave/Generated/src/IO004/IO004.c ****   {
 193:../Dave/Generated/src/IO004/IO004.c **** 	  /*Not supposed to be here */
 194:../Dave/Generated/src/IO004/IO004.c ****   }
 195:../Dave/Generated/src/IO004/IO004.c **** 
 196:../Dave/Generated/src/IO004/IO004.c **** }
 376              		.loc 1 196 0
 377 0172 07F11407 		add	r7, r7, #20
 378 0176 BD46     		mov	sp, r7
 379 0178 80BC     		pop	{r7}
 380 017a 7047     		bx	lr
 381              		.cfi_endproc
 382              	.LFE118:
 384              		.section	.text.IO004_EnableOutputDriver,"ax",%progbits
 385              		.align	2
 386              		.global	IO004_EnableOutputDriver
 387              		.thumb
 388              		.thumb_func
 390              	IO004_EnableOutputDriver:
 391              	.LFB119:
 197:../Dave/Generated/src/IO004/IO004.c **** 
 198:../Dave/Generated/src/IO004/IO004.c **** void IO004_EnableOutputDriver(const IO004_HandleType* Handle,IO004_OutputModeType Mode)
 199:../Dave/Generated/src/IO004/IO004.c **** {
 392              		.loc 1 199 0
 393              		.cfi_startproc
 394              		@ args = 0, pretend = 0, frame = 16
 395              		@ frame_needed = 1, uses_anonymous_args = 0
 396              		@ link register save eliminated.
 397 0000 80B4     		push	{r7}
 398              	.LCFI5:
 399              		.cfi_def_cfa_offset 4
 400              		.cfi_offset 7, -4
 401 0002 85B0     		sub	sp, sp, #20
 402              	.LCFI6:
 403              		.cfi_def_cfa_offset 24
 404 0004 00AF     		add	r7, sp, #0
 405              	.LCFI7:
 406              		.cfi_def_cfa_register 7
 407 0006 7860     		str	r0, [r7, #4]
 408 0008 0B46     		mov	r3, r1
 409 000a FB70     		strb	r3, [r7, #3]
 200:../Dave/Generated/src/IO004/IO004.c **** 
 201:../Dave/Generated/src/IO004/IO004.c ****   uint8_t Pin = Handle->PortPin;
 410              		.loc 1 201 0
 411 000c 7B68     		ldr	r3, [r7, #4]
 412 000e 5B78     		ldrb	r3, [r3, #1]
 413 0010 FB73     		strb	r3, [r7, #15]
 202:../Dave/Generated/src/IO004/IO004.c ****   /* <<<DD_IO004_API_2>>> */
 203:../Dave/Generated/src/IO004/IO004.c ****   if(Pin < 4U)
 414              		.loc 1 203 0
 415 0012 FB7B     		ldrb	r3, [r7, #15]	@ zero_extendqisi2
 416 0014 032B     		cmp	r3, #3
 417 0016 23D8     		bhi	.L8
 204:../Dave/Generated/src/IO004/IO004.c ****   {
 205:../Dave/Generated/src/IO004/IO004.c ****     Handle->PortRegs->IOCR0  =  (uint32_t)(Handle->PortRegs->IOCR0 & ~(0x0000001FUL << (3U+(Pin*8U)
 418              		.loc 1 205 0
 419 0018 7B68     		ldr	r3, [r7, #4]
 420 001a 5B68     		ldr	r3, [r3, #4]
 421 001c 7A68     		ldr	r2, [r7, #4]
 422 001e 5268     		ldr	r2, [r2, #4]
 423 0020 1169     		ldr	r1, [r2, #16]
 424 0022 FA7B     		ldrb	r2, [r7, #15]	@ zero_extendqisi2
 425 0024 4FEAC202 		lsl	r2, r2, #3
 426 0028 02F10302 		add	r2, r2, #3
 427 002c 4FF01F00 		mov	r0, #31
 428 0030 00FA02F2 		lsl	r2, r0, r2
 429 0034 6FEA0202 		mvn	r2, r2
 430 0038 0A40     		ands	r2, r2, r1
 431 003a 1A61     		str	r2, [r3, #16]
 206:../Dave/Generated/src/IO004/IO004.c ****     Handle->PortRegs->IOCR0 |=  (uint32_t)(((uint32_t)Mode & 0x1FUL) << (3U+(Pin*8U)));
 432              		.loc 1 206 0
 433 003c 7B68     		ldr	r3, [r7, #4]
 434 003e 5B68     		ldr	r3, [r3, #4]
 435 0040 7A68     		ldr	r2, [r7, #4]
 436 0042 5268     		ldr	r2, [r2, #4]
 437 0044 1169     		ldr	r1, [r2, #16]
 438 0046 FA78     		ldrb	r2, [r7, #3]	@ zero_extendqisi2
 439 0048 02F01F00 		and	r0, r2, #31
 440 004c FA7B     		ldrb	r2, [r7, #15]	@ zero_extendqisi2
 441 004e 4FEAC202 		lsl	r2, r2, #3
 442 0052 02F10302 		add	r2, r2, #3
 443 0056 00FA02F2 		lsl	r2, r0, r2
 444 005a 0A43     		orrs	r2, r2, r1
 445 005c 1A61     		str	r2, [r3, #16]
 446 005e 88E0     		b	.L7
 447              	.L8:
 207:../Dave/Generated/src/IO004/IO004.c ****   } else if ((Pin >= 4U) && (Pin <= 7U))
 448              		.loc 1 207 0
 449 0060 FB7B     		ldrb	r3, [r7, #15]	@ zero_extendqisi2
 450 0062 032B     		cmp	r3, #3
 451 0064 2AD9     		bls	.L10
 452              		.loc 1 207 0 is_stmt 0 discriminator 1
 453 0066 FB7B     		ldrb	r3, [r7, #15]	@ zero_extendqisi2
 454 0068 072B     		cmp	r3, #7
 455 006a 27D8     		bhi	.L10
 208:../Dave/Generated/src/IO004/IO004.c ****   {
 209:../Dave/Generated/src/IO004/IO004.c ****     Pin = Pin - 4U;
 456              		.loc 1 209 0 is_stmt 1
 457 006c FB7B     		ldrb	r3, [r7, #15]
 458 006e A3F10403 		sub	r3, r3, #4
 459 0072 FB73     		strb	r3, [r7, #15]
 210:../Dave/Generated/src/IO004/IO004.c ****     Handle->PortRegs->IOCR4  =  (uint32_t)(Handle->PortRegs->IOCR4 & ~(0x0000001FUL << (3U+(Pin*8U)
 460              		.loc 1 210 0
 461 0074 7B68     		ldr	r3, [r7, #4]
 462 0076 5B68     		ldr	r3, [r3, #4]
 463 0078 7A68     		ldr	r2, [r7, #4]
 464 007a 5268     		ldr	r2, [r2, #4]
 465 007c 5169     		ldr	r1, [r2, #20]
 466 007e FA7B     		ldrb	r2, [r7, #15]	@ zero_extendqisi2
 467 0080 4FEAC202 		lsl	r2, r2, #3
 468 0084 02F10302 		add	r2, r2, #3
 469 0088 4FF01F00 		mov	r0, #31
 470 008c 00FA02F2 		lsl	r2, r0, r2
 471 0090 6FEA0202 		mvn	r2, r2
 472 0094 0A40     		ands	r2, r2, r1
 473 0096 5A61     		str	r2, [r3, #20]
 211:../Dave/Generated/src/IO004/IO004.c ****     Handle->PortRegs->IOCR4 |=  (uint32_t)(((uint32_t)Mode & 0x1FUL) << (3U+(Pin*8U)));
 474              		.loc 1 211 0
 475 0098 7B68     		ldr	r3, [r7, #4]
 476 009a 5B68     		ldr	r3, [r3, #4]
 477 009c 7A68     		ldr	r2, [r7, #4]
 478 009e 5268     		ldr	r2, [r2, #4]
 479 00a0 5169     		ldr	r1, [r2, #20]
 480 00a2 FA78     		ldrb	r2, [r7, #3]	@ zero_extendqisi2
 481 00a4 02F01F00 		and	r0, r2, #31
 482 00a8 FA7B     		ldrb	r2, [r7, #15]	@ zero_extendqisi2
 483 00aa 4FEAC202 		lsl	r2, r2, #3
 484 00ae 02F10302 		add	r2, r2, #3
 485 00b2 00FA02F2 		lsl	r2, r0, r2
 486 00b6 0A43     		orrs	r2, r2, r1
 487 00b8 5A61     		str	r2, [r3, #20]
 488 00ba 5AE0     		b	.L7
 489              	.L10:
 212:../Dave/Generated/src/IO004/IO004.c ****   } else if ((Pin >= 8U) && (Pin <= 11U))
 490              		.loc 1 212 0
 491 00bc FB7B     		ldrb	r3, [r7, #15]	@ zero_extendqisi2
 492 00be 072B     		cmp	r3, #7
 493 00c0 2AD9     		bls	.L11
 494              		.loc 1 212 0 is_stmt 0 discriminator 1
 495 00c2 FB7B     		ldrb	r3, [r7, #15]	@ zero_extendqisi2
 496 00c4 0B2B     		cmp	r3, #11
 497 00c6 27D8     		bhi	.L11
 213:../Dave/Generated/src/IO004/IO004.c ****   {
 214:../Dave/Generated/src/IO004/IO004.c ****     Pin = Pin - 8U;
 498              		.loc 1 214 0 is_stmt 1
 499 00c8 FB7B     		ldrb	r3, [r7, #15]
 500 00ca A3F10803 		sub	r3, r3, #8
 501 00ce FB73     		strb	r3, [r7, #15]
 215:../Dave/Generated/src/IO004/IO004.c ****     Handle->PortRegs->IOCR8  =  (uint32_t)(Handle->PortRegs->IOCR8 & ~(0x0000001FUL << (3U+(Pin*8U)
 502              		.loc 1 215 0
 503 00d0 7B68     		ldr	r3, [r7, #4]
 504 00d2 5B68     		ldr	r3, [r3, #4]
 505 00d4 7A68     		ldr	r2, [r7, #4]
 506 00d6 5268     		ldr	r2, [r2, #4]
 507 00d8 9169     		ldr	r1, [r2, #24]
 508 00da FA7B     		ldrb	r2, [r7, #15]	@ zero_extendqisi2
 509 00dc 4FEAC202 		lsl	r2, r2, #3
 510 00e0 02F10302 		add	r2, r2, #3
 511 00e4 4FF01F00 		mov	r0, #31
 512 00e8 00FA02F2 		lsl	r2, r0, r2
 513 00ec 6FEA0202 		mvn	r2, r2
 514 00f0 0A40     		ands	r2, r2, r1
 515 00f2 9A61     		str	r2, [r3, #24]
 216:../Dave/Generated/src/IO004/IO004.c ****     Handle->PortRegs->IOCR8 |=  (uint32_t)(((uint32_t)Mode & 0x1FUL) << (3U+(Pin*8U)));
 516              		.loc 1 216 0
 517 00f4 7B68     		ldr	r3, [r7, #4]
 518 00f6 5B68     		ldr	r3, [r3, #4]
 519 00f8 7A68     		ldr	r2, [r7, #4]
 520 00fa 5268     		ldr	r2, [r2, #4]
 521 00fc 9169     		ldr	r1, [r2, #24]
 522 00fe FA78     		ldrb	r2, [r7, #3]	@ zero_extendqisi2
 523 0100 02F01F00 		and	r0, r2, #31
 524 0104 FA7B     		ldrb	r2, [r7, #15]	@ zero_extendqisi2
 525 0106 4FEAC202 		lsl	r2, r2, #3
 526 010a 02F10302 		add	r2, r2, #3
 527 010e 00FA02F2 		lsl	r2, r0, r2
 528 0112 0A43     		orrs	r2, r2, r1
 529 0114 9A61     		str	r2, [r3, #24]
 530 0116 2CE0     		b	.L7
 531              	.L11:
 217:../Dave/Generated/src/IO004/IO004.c ****   } else if ((Pin >= 12U) && (Pin <= 15U))
 532              		.loc 1 217 0
 533 0118 FB7B     		ldrb	r3, [r7, #15]	@ zero_extendqisi2
 534 011a 0B2B     		cmp	r3, #11
 535 011c 29D9     		bls	.L7
 536              		.loc 1 217 0 is_stmt 0 discriminator 1
 537 011e FB7B     		ldrb	r3, [r7, #15]	@ zero_extendqisi2
 538 0120 0F2B     		cmp	r3, #15
 539 0122 26D8     		bhi	.L7
 218:../Dave/Generated/src/IO004/IO004.c ****   {
 219:../Dave/Generated/src/IO004/IO004.c ****     Pin = Pin - 12U;
 540              		.loc 1 219 0 is_stmt 1
 541 0124 FB7B     		ldrb	r3, [r7, #15]
 542 0126 A3F10C03 		sub	r3, r3, #12
 543 012a FB73     		strb	r3, [r7, #15]
 220:../Dave/Generated/src/IO004/IO004.c ****     Handle->PortRegs->IOCR12  =  (uint32_t)(Handle->PortRegs->IOCR12 & ~(0x0000001FUL << (3U+(Pin*8
 544              		.loc 1 220 0
 545 012c 7B68     		ldr	r3, [r7, #4]
 546 012e 5B68     		ldr	r3, [r3, #4]
 547 0130 7A68     		ldr	r2, [r7, #4]
 548 0132 5268     		ldr	r2, [r2, #4]
 549 0134 D169     		ldr	r1, [r2, #28]
 550 0136 FA7B     		ldrb	r2, [r7, #15]	@ zero_extendqisi2
 551 0138 4FEAC202 		lsl	r2, r2, #3
 552 013c 02F10302 		add	r2, r2, #3
 553 0140 4FF01F00 		mov	r0, #31
 554 0144 00FA02F2 		lsl	r2, r0, r2
 555 0148 6FEA0202 		mvn	r2, r2
 556 014c 0A40     		ands	r2, r2, r1
 557 014e DA61     		str	r2, [r3, #28]
 221:../Dave/Generated/src/IO004/IO004.c ****     Handle->PortRegs->IOCR12 |=  (uint32_t)(((uint32_t)Mode & 0x1FUL) << (3U+(Pin*8U)));
 558              		.loc 1 221 0
 559 0150 7B68     		ldr	r3, [r7, #4]
 560 0152 5B68     		ldr	r3, [r3, #4]
 561 0154 7A68     		ldr	r2, [r7, #4]
 562 0156 5268     		ldr	r2, [r2, #4]
 563 0158 D169     		ldr	r1, [r2, #28]
 564 015a FA78     		ldrb	r2, [r7, #3]	@ zero_extendqisi2
 565 015c 02F01F00 		and	r0, r2, #31
 566 0160 FA7B     		ldrb	r2, [r7, #15]	@ zero_extendqisi2
 567 0162 4FEAC202 		lsl	r2, r2, #3
 568 0166 02F10302 		add	r2, r2, #3
 569 016a 00FA02F2 		lsl	r2, r0, r2
 570 016e 0A43     		orrs	r2, r2, r1
 571 0170 DA61     		str	r2, [r3, #28]
 572              	.L7:
 222:../Dave/Generated/src/IO004/IO004.c ****   }
 223:../Dave/Generated/src/IO004/IO004.c ****   else
 224:../Dave/Generated/src/IO004/IO004.c ****   {
 225:../Dave/Generated/src/IO004/IO004.c **** 	  /*Not supposed to be here */
 226:../Dave/Generated/src/IO004/IO004.c ****   }
 227:../Dave/Generated/src/IO004/IO004.c **** }
 573              		.loc 1 227 0
 574 0172 07F11407 		add	r7, r7, #20
 575 0176 BD46     		mov	sp, r7
 576 0178 80BC     		pop	{r7}
 577 017a 7047     		bx	lr
 578              		.cfi_endproc
 579              	.LFE119:
 581              		.text
 582              	.Letext0:
 583              		.file 2 "c:\\dave-3.1.10\\arm-gcc\\bin\\../lib/gcc/arm-none-eabi/4.7.4/../../../../arm-none-eabi/i
 584              		.file 3 "C:\\DAVE3_workspace\\ws3.1.10\\CAN_BUS_THX\\Dave\\Generated\\inc\\DAVESupport/../../inc/I
 585              		.file 4 "C:\\DAVE-3.1.10\\eclipse\\/../CMSIS/Include/core_cm4.h"
 586              		.file 5 "C:\\DAVE3_workspace\\ws3.1.10\\CAN_BUS_THX\\Dave\\Generated\\inc\\DAVESupport/../../inc/I
DEFINED SYMBOLS
                            *ABS*:00000000 IO004.c
C:\Users\Aqeel\AppData\Local\Temp\ccNetgYj.s:20     .text.IO004_Init:00000000 $t
C:\Users\Aqeel\AppData\Local\Temp\ccNetgYj.s:25     .text.IO004_Init:00000000 IO004_Init
C:\Users\Aqeel\AppData\Local\Temp\ccNetgYj.s:188    .text.IO004_DisableOutputDriver:00000000 $t
C:\Users\Aqeel\AppData\Local\Temp\ccNetgYj.s:193    .text.IO004_DisableOutputDriver:00000000 IO004_DisableOutputDriver
C:\Users\Aqeel\AppData\Local\Temp\ccNetgYj.s:385    .text.IO004_EnableOutputDriver:00000000 $t
C:\Users\Aqeel\AppData\Local\Temp\ccNetgYj.s:390    .text.IO004_EnableOutputDriver:00000000 IO004_EnableOutputDriver
                     .debug_frame:00000010 $d
                           .group:00000000 wm4.1.592323046c84b12315b2713ce3886c0a
                           .group:00000000 wm4.XMC4500.h.45.215f4b8c79f46c7645c15373868d08c0
                           .group:00000000 wm4.core_cm4.h.47.41af406cb4cda82c972f112a9cd0a024
                           .group:00000000 wm4.newlib.h.8.a9901dc52d1357e3e94003403d43f8b5
                           .group:00000000 wm4.features.h.22.b72b3baab2bb2eab3661375590100b6b
                           .group:00000000 wm4.config.h.193.5fb8ef056cdff92dec3dee9552839d8c
                           .group:00000000 wm4._ansi.h.23.7aefdac4826acebbfc9f3822a0aeb14c
                           .group:00000000 wm4.stdint.h.20.54ad762faa59e3c05491630641c8d8bf
                           .group:00000000 wm4.core_cmInstr.h.39.3d3d1b4a79aef37532666dc6ee87c6ac
                           .group:00000000 wm4.core_cm4_simd.h.43.b5d1d38735af6366227b4256d330cf13
                           .group:00000000 wm4.core_cm4.h.178.e5ef5ce66d198d7f00f9d0076e267c41
                           .group:00000000 wm4.system_XMC4500.h.29.827f68baa362c84f2abae4ab67dde7c9
                           .group:00000000 wm4.XMC4500.h.198.8e022f279ff353ed081df898dc7b9cf3
                           .group:00000000 wm4.stddef.h.40.50cf36416e06376af8a9dca28536f2e4
                           .group:00000000 wm4.types.h.60.e75c47576398c648cdcf9000ace5e3d8
                           .group:00000000 wm4.MULTIPLEXER.h.46.4a863fbae1c79f0db26da3ce2dc30d02
                           .group:00000000 wm4.CCU8PWMLIB.h.74.725ec81203769525cc7a424597055f47
                           .group:00000000 wm4.MOTORLIB.h.62.951091d95913dd2ff36d761323a1771d
                           .group:00000000 wm4.DBG001.h.116.d6d9e7459a0faa3905c97c1d2edb339d
                           .group:00000000 wm4.uc_id.h.35.a6c4837fad81477ba31967683332b8cc
                           .group:00000000 wm4.CLK001_Const.h.50.e5e9c2ddc89f4cc9e7b93e9648fa94e4
                           .group:00000000 wm4.CLK001_Conf.h.81.82a8db895dc146da001475dd68223522
                           .group:00000000 wm4.CAN_Types.h.39.df7fb5ef31e40aa4065540aa5507b9c8
                           .group:00000000 wm4.CAN001.h.81.2ffbbfa413249ddb098d31e13be0595a
                           .group:00000000 wm4.CAN001_Conf.h.47.37054df7fc8e16acb44a84e615370b4e
                           .group:00000000 wm4.CAN001.h.1182.045aa37f116a6d2f0e10a31ad28e326b
                           .group:00000000 wm4.IO004.h.53.442ea5eb47ad9eedc675253aa35f3107
                           .group:00000000 wm4.NVIC002_Conf.h.62.46009087f3f9db74b135a4eac7d54acd
                           .group:00000000 wm4.Usic.h.54.8af9f733ba5771eeb374435d205ea54b
                           .group:00000000 wm4.UART001_Conf.h.53.a7d7190bee783732e895eea70c8f4a1b
                           .group:00000000 wm4.SYSTM001.h.64.6ecb31c49bc3e7691644fdcdfc11b5cd

UNDEFINED SYMBOLS
IO004_Handle0
IO004_Handle1
IO004_Handle2
IO004_Handle3
