   1              		.syntax unified
   2              		.cpu cortex-m4
   3              		.eabi_attribute 27, 3
   4              		.fpu fpv4-sp-d16
   5              		.eabi_attribute 20, 1
   6              		.eabi_attribute 21, 1
   7              		.eabi_attribute 23, 3
   8              		.eabi_attribute 24, 1
   9              		.eabi_attribute 25, 1
  10              		.eabi_attribute 26, 1
  11              		.eabi_attribute 30, 6
  12              		.eabi_attribute 34, 1
  13              		.eabi_attribute 18, 4
  14              		.thumb
  15              		.file	"CAN001_Conf.c"
  16              		.text
  17              	.Ltext0:
  18              		.cfi_sections	.debug_frame
  19              		.global	CAN001_Handle0
  20              		.section	.rodata
  21              		.align	2
  24              	CAN001_Handle0:
  25 0000 17       		.byte	23
  26 0001 01       		.byte	1
  27 0002 06       		.byte	6
  28 0003 01       		.byte	1
  29 0004 00       		.byte	0
  30 0005 000000   		.space	3
  31 0008 00430148 		.word	1208042240
  32 000c 01       		.byte	1
  33 000d 00       		.byte	0
  34 000e 22       		.byte	34
  35 000f 02       		.byte	2
  36              		.global	CAN001_MessageHandle0_1
  37              		.data
  38              		.align	2
  41              	CAN001_MessageHandle0_1:
  42 0000 00000000 		.word	0
  43 0004 00000000 		.word	0
  44 0008 00       		.byte	0
  45 0009 00       		.byte	0
  46 000a 00       		.byte	0
  47 000b 00000000 		.space	8
  47      00000000 
  48 0013 01       		.byte	1
  49 0014 01       		.byte	1
  50 0015 000000   		.space	3
  51              		.global	CAN001_MessageHandle0_2
  52              		.align	2
  55              	CAN001_MessageHandle0_2:
  56 0018 00000000 		.word	0
  57 001c 00000000 		.word	0
  58 0020 00       		.byte	0
  59 0021 00       		.byte	0
  60 0022 00       		.byte	0
  61 0023 00000000 		.space	8
  61      00000000 
  62 002b 01       		.byte	1
  63 002c 00       		.byte	0
  64 002d 000000   		.space	3
  65              		.text
  66              	.Letext0:
  67              		.file 1 "c:\\dave-3.1.10\\arm-gcc\\bin\\../lib/gcc/arm-none-eabi/4.7.4/../../../../arm-none-eabi/i
  68              		.file 2 "C:\\DAVE-3.1.10\\eclipse\\/../CMSIS/Infineon/XMC4500_series/Include/XMC4500.h"
  69              		.file 3 "C:\\DAVE3_workspace\\ws3.1.10\\CAN_BUS_THX\\Dave\\Generated\\inc\\DAVESupport/../../inc/C
  70              		.file 4 "C:\\DAVE3_workspace\\ws3.1.10\\CAN_BUS_THX\\Dave\\Generated\\inc\\DAVESupport/../../inc/C
  71              		.file 5 "C:\\DAVE-3.1.10\\eclipse\\/../CMSIS/Include/core_cm4.h"
  72              		.file 6 "../Dave/Generated/src/CAN001/CAN001_Conf.c"
DEFINED SYMBOLS
                            *ABS*:00000000 CAN001_Conf.c
C:\Users\Aqeel\AppData\Local\Temp\ccFjU1oY.s:24     .rodata:00000000 CAN001_Handle0
C:\Users\Aqeel\AppData\Local\Temp\ccFjU1oY.s:21     .rodata:00000000 $d
C:\Users\Aqeel\AppData\Local\Temp\ccFjU1oY.s:41     .data:00000000 CAN001_MessageHandle0_1
C:\Users\Aqeel\AppData\Local\Temp\ccFjU1oY.s:38     .data:00000000 $d
C:\Users\Aqeel\AppData\Local\Temp\ccFjU1oY.s:55     .data:00000018 CAN001_MessageHandle0_2
                           .group:00000000 wm4.1.592323046c84b12315b2713ce3886c0a
                           .group:00000000 wm4.XMC4500.h.45.215f4b8c79f46c7645c15373868d08c0
                           .group:00000000 wm4.core_cm4.h.47.41af406cb4cda82c972f112a9cd0a024
                           .group:00000000 wm4.newlib.h.8.a9901dc52d1357e3e94003403d43f8b5
                           .group:00000000 wm4.features.h.22.b72b3baab2bb2eab3661375590100b6b
                           .group:00000000 wm4.config.h.193.5fb8ef056cdff92dec3dee9552839d8c
                           .group:00000000 wm4._ansi.h.23.7aefdac4826acebbfc9f3822a0aeb14c
                           .group:00000000 wm4.stdint.h.20.54ad762faa59e3c05491630641c8d8bf
                           .group:00000000 wm4.core_cmInstr.h.39.3d3d1b4a79aef37532666dc6ee87c6ac
                           .group:00000000 wm4.core_cm4_simd.h.43.b5d1d38735af6366227b4256d330cf13
                           .group:00000000 wm4.core_cm4.h.178.e5ef5ce66d198d7f00f9d0076e267c41
                           .group:00000000 wm4.system_XMC4500.h.29.827f68baa362c84f2abae4ab67dde7c9
                           .group:00000000 wm4.XMC4500.h.198.8e022f279ff353ed081df898dc7b9cf3
                           .group:00000000 wm4.stddef.h.40.50cf36416e06376af8a9dca28536f2e4
                           .group:00000000 wm4.types.h.60.e75c47576398c648cdcf9000ace5e3d8
                           .group:00000000 wm4.MULTIPLEXER.h.46.4a863fbae1c79f0db26da3ce2dc30d02
                           .group:00000000 wm4.CCU8PWMLIB.h.74.725ec81203769525cc7a424597055f47
                           .group:00000000 wm4.MOTORLIB.h.62.951091d95913dd2ff36d761323a1771d
                           .group:00000000 wm4.DBG001.h.116.d6d9e7459a0faa3905c97c1d2edb339d
                           .group:00000000 wm4.uc_id.h.35.a6c4837fad81477ba31967683332b8cc
                           .group:00000000 wm4.CLK001_Const.h.50.e5e9c2ddc89f4cc9e7b93e9648fa94e4
                           .group:00000000 wm4.CLK001_Conf.h.81.82a8db895dc146da001475dd68223522
                           .group:00000000 wm4.CAN_Types.h.39.df7fb5ef31e40aa4065540aa5507b9c8
                           .group:00000000 wm4.CAN001.h.81.2ffbbfa413249ddb098d31e13be0595a
                           .group:00000000 wm4.CAN001_Conf.h.47.37054df7fc8e16acb44a84e615370b4e
                           .group:00000000 wm4.CAN001.h.1182.045aa37f116a6d2f0e10a31ad28e326b
                           .group:00000000 wm4.IO004.h.53.442ea5eb47ad9eedc675253aa35f3107
                           .group:00000000 wm4.NVIC002_Conf.h.62.46009087f3f9db74b135a4eac7d54acd
                           .group:00000000 wm4.Usic.h.54.8af9f733ba5771eeb374435d205ea54b
                           .group:00000000 wm4.UART001_Conf.h.53.a7d7190bee783732e895eea70c8f4a1b
                           .group:00000000 wm4.SYSTM001.h.64.6ecb31c49bc3e7691644fdcdfc11b5cd

NO UNDEFINED SYMBOLS
